
                            < M A T L A B (R) >
                  Copyright 1984-2013 The MathWorks, Inc.
                    R2013b (8.2.0.701) 64-bit (glnxa64)
                              August 13, 2013

    ----------------------------------------------------
	Your MATLAB license will expire in 50 days.
	Please contact your system administrator or
	MathWorks to renew this license.
    ----------------------------------------------------
 
To get started, type one of these: helpwin, helpdesk, or demo.
For product information, visit www.mathworks.com.
 
>> 
                            < M A T L A B (R) >
                  Copyright 1984-2013 The MathWorks, Inc.
                    R2013b (8.2.0.701) 64-bit (glnxa64)
                              August 13, 2013

    ----------------------------------------------------
	Your MATLAB license will expire in 50 days.
	Please contact your system administrator or
	MathWorks to renew this license.
    ----------------------------------------------------
 
To get started, type one of these: helpwin, helpdesk, or demo.
For product information, visit www.mathworks.com.
 

ImageFile =

Data/golfcart.pgm.atts


sparsityVal =

    96


elapsedTime =

   94.2710


x =

     1
     1
     1
     1
     1
     1
     1
     1
     1
     1
     1
     1
     1
     1
     1
     1
     1
     1
     1
     1
     1
     1
     1
     1
     1
     1
     1
     1
     1
     1
     1
     1
     1
     1
     1
     1
     1
     1
     1
     1
     1
     1
     1
     1
     1
     1
     1
     1
     1
     1
     1
     1
     1
     1
     1
     1
     1
     1
     1
     1
     1
     1
     1
     1
     1
     1
     1
     1
     1
     1
     1
     1
     1
     1
     1
     1
     1
     1
     1
     1
     1
     1
     1
     1
     1
     1
     1
     1
     1
     1
     1
     1
     1
     1
     1
     1
     1
     1
     1
     1
     1
     1
     1
     1
     1
     1
     1
     1
     1
     1
     1
     1
     1
     1
     1
     1
     1
     1
     1
     1
     1
     1
     1
     1
     1
     1
     1
     1
     1
     1
     1
     1
     1
     1
     1
     1
     1
     1
     1
     1
     1
     1
     1
     1
     1
     1
     1
     1
     1
     1
     1
     1
     1
     1
     0
     1
     1
     1
     1
     1
     1
     1
     1
     1
     1
     1
     1
     1
     1
     1
     1
     1
     0
     1
     0
     1
     1
     1
     1
     1
     1
     1
     1
     1
     1
     0
     1
     0
     1
     1
     1
     1
     1
     1
     1
     1
     1
     1
     1
     1
     1
     1
     1
     0
     1
     1
     1
     1
     1
     1
     1
     1
     1
     1
     1
     1
     1
     1
     1
     1
     1
     1
     1
     0
     1
     1
     1
     1
     0
     1
     1
     1
     1
     1
     1
     0
     1
     1
     1
     1
     0
     0
     1
     1
     1
     1
     1
     1
     1
     0
     1
     1
     1
     1
     1
     0
     1
     1
     1
     1
     0
     1
     0
     1
     1
     0
     0
     0
     1
     0
     0
     0
     1
     1
     0
     0
     0
     0
     1
     1
     1
     1
     1
     0
     0
     0
     1
     0
     1
     0
     0
     0
     0
     0
     1
     0
     0
     0
     0
     0
     0
     0
     0
     1
     0
     0
     1
     1
     1
     0
     0
     1
     1
     1
     0
     0
     0
     1
     0
     0
     1
     1
     1
     1
     0
     0
     0
     0
     0
     0
     0
     0
     1
     0
     0
     0
     0
     0
     0
     0
     0
     1
     0
     1
     1
     0
     1
     0
     0
     0
     1
     0
     0
     0
     0
     1
     0
     0
     0
     0
     0
     1
     0
     0
     0
     1
     0
     0
     1
     0
     0
     0
     0
     0
     0
     1
     0
     1
     0
     1
     0
     0
     0
     1
     0
     0
     0
     0
     1
     1
     0
     0
     0
     1
     0
     0
     1
     0
     0
     0
     0
     0
     0
     0
     1
     1
     0
     1
     0
     0
     1
     0
     0
     0
     0
     0
     0
     1
     0
     0
     1
     1
     1
     1
     0
     1
     0
     0
     0
     0
     0
     0
     1
     0
     0
     1
     0
     0
     0
     0
     0
     1
     1
     0
     0
     0
     0
     0
     0
     0
     1
     0
     0
     0
     0
     0
     0
     0
     0
     0
     0
     0
     0
     0
     1
     1
     0
     1
     0
     0
     0
     0
     0
     0
     0
     0
     0
     0
     0
     0
     0
     0
     0
     1
     0
     0
     1
     0
     0
     1
     0
     0
     1
     0
     1
     1
     0
     1
     0
     1
     0
     0
     0
     0
     0
     0
     0
     0
     1
     0
     0
     1
     1
     0
     0
     0
     0
     0
     0
     0
     0
     0
     1
     1
     0
     0
     0
     0
     1
     0
     0
     0
     0
     1
     1
     1
     1
     0
     0
     0
     0
     0
     1
     1
     1
     1
     0
     0
     1
     1
     0
     1
     0
     0
     0
     0
     1
     0
     1
     0
     0
     0
     1
     1
     0
     0
     0
     0
     1
     0
     0
     0
     0
     0
     0
     1
     0
     1
     1
     0
     1
     1
     1
     1
     0
     1
     0
     0
     0
     0
     0
     0
     0
     0
     0
     0
     0
     1
     0
     0
     1
     1
     0
     1
     0
     0
     0
     0
     0
     1
     0
     1
     0
     0
     1
     0
     1
     1
     0
     1
     0
     0
     0
     0
     0
     0
     0
     0
     1
     0
     0
     0
     0
     1
     0
     0
     1
     0
     0
     1
     0
     0
     1
     0
     0
     0
     0
     0
     0
     1
     0
     0
     0
     0
     1
     1
     0
     0
     0
     0
     1
     0
     0
     0
     0
     0
     0
     1
     1
     1
     0
     0
     0
     0
     0
     1
     0
     0
     0
     0
     0
     0
     0
     0
     0
     0
     0
     0
     0
     0
     0
     0
     0
     0
     0
     1
     0
     1
     0
     0
     1
     1
     1
     0
     1
     0
     0
     0
     0
     0
     0
     0
     0
     0
     0
     0
     0
     0
     0
     0
     0
     0
     1
     0
     0
     0
     0
     0
     0
     1
     0
     0
     1
     0
     0
     1
     0
     0
     0
     0
     0
     0
     0
     0
     1
     0
     0
     0
     0
     0
     0
     0
     1
     0
     0
     0
     0
     0
     1
     0
     1
     0
     0
     0
     0
     0
     0
     0
     1
     0


fval =

   9.2279e+03


exitflag =

     1


output = 

          cplexstatus: 101
    cplexstatusstring: 'integer optimal solution'
           iterations: 177579
            algorithm: 12
                 time: 94.1100
              message: 'Function converged to a solution x.'


elapsedTime =

   94.2710


ImageFile =

Data/homes.pgm.atts


sparsityVal =

    96


elapsedTime =

  305.0961


x =

     0
     0
     0
     0
     0
     0
     0
     0
     0
     0
     0
     0
     0
     0
     0
     0
     0
     0
     0
     0
     0
     0
     0
     0
     0
     0
     0
     0
     0
     0
     0
     0
     0
     0
     0
     0
     0
     0
     0
     0
     0
     0
     0
     0
     0
     0
     0
     0
     0
     0
     0
     0
     0
     0
     0
     0
     0
     0
     0
     0
     0
     0
     0
     0
     0
     0
     0
     0
     0
     0
     0
     0
     0
     0
     0
     0
     0
     0
     0
     0
     0
     0
     0
     0
     0
     0
     0
     0
     0
     0
     0
     0
     0
     0
     0
     0
     0
     0
     0
     0
     0
     0
     0
     0
     0
     0
     0
     0
     0
     0
     0
     0
     0
     0
     0
     0
     0
     0
     0
     0
     0
     0
     0
     0
     0
     0
     0
     0
     0
     0
     0
     0
     0
     0
     0
     0
     0
     0
     0
     0
     0
     0
     0
     0
     0
     0
     0
     0
     0
     0
     0
     0
     0
     0
     0
     0
     0
     0
     0
     0
     0
     0
     0
     0
     0
     0
     0
     0
     0
     0
     0
     0
     0
     0
     0
     0
     0
     0
     0
     0
     0
     0
     0
     0
     0
     0
     0
     0
     0
     0
     0
     0
     0
     0
     0
     0
     0
     0
     0
     0
     0
     0
     0
     0
     0
     0
     0
     0
     0
     0
     0
     0
     0
     0
     0
     0
     0
     0
     0
     0
     0
     0
     0
     0
     0
     0
     0
     0
     0
     0
     0
     0
     0
     0
     0
     0
     0
     0
     0
     0
     0
     0
     0
     0
     0
     0
     0
     0
     0
     0
     0
     0
     0
     0
     0
     0
     0
     0
     0
     0
     0
     0
     0
     0
     0
     0
     0
     0
     0
     0
     0
     1
     0
     0
     0
     0
     0
     0
     0
     0
     0
     0
     0
     0
     0
     0
     0
     0
     0
     0
     0
     0
     0
     0
     0
     0
     0
     0
     0
     0
     0
     0
     0
     0
     0
     0
     0
     1
     0
     0
     0
     0
     1
     0
     0
     0
     0
     0
     0
     0
     0
     0
     0
     0
     0
     0
     0
     0
     0
     0
     0
     0
     0
     0
     0
     0
     0
     1
     0
     1
     0
     0
     0
     0
     0
     0
     0
     0
     1
     0
     0
     0
     0
     1
     1
     1
     0
     0
     0
     0
     0
     0
     0
     0
     1
     0
     1
     0
     0
     0
     0
     0
     1
     0
     1
     0
     0
     0
     0
     0
     1
     0
     0
     1
     0
     1
     1
     1
     0
     0
     0
     1
     1
     0
     0
     0
     0
     1
     1
     0
     0
     0
     0
     0
     0
     0
     1
     1
     0
     0
     0
     1
     0
     1
     1
     0
     0
     1
     1
     0
     0
     1
     0
     1
     1
     0
     0
     0
     1
     1
     1
     1
     0
     1
     0
     1
     0
     0
     0
     1
     1
     0
     1
     1
     1
     1
     0
     0
     0
     0
     0
     1
     0
     0
     0
     0
     1
     1
     0
     1
     0
     1
     0
     0
     0
     0
     1
     1
     1
     1
     1
     1
     1
     0
     0
     1
     0
     0
     0
     1
     0
     0
     1
     1
     1
     1
     0
     1
     0
     0
     1
     1
     1
     0
     0
     0
     1
     1
     1
     1
     1
     1
     0
     1
     0
     0
     1
     1
     1
     1
     1
     1
     1
     1
     1
     1
     1
     1
     1
     1
     0
     1
     1
     1
     1
     1
     1
     1
     1
     0
     1
     1
     1
     1
     1
     1
     0
     1
     1
     1
     1
     1
     1
     1
     1
     1
     1
     0
     1
     0
     1
     0
     0
     0
     1
     1
     1
     1
     0
     1
     1
     1
     1
     1
     1
     1
     1
     1
     1
     1
     1
     1
     1
     1
     1
     1
     1
     1
     1
     1
     1
     1
     1
     1
     1
     1
     1
     1
     1
     1
     1
     1
     0
     1
     0
     1
     1
     1
     1
     1
     1
     1
     1
     1
     0
     0
     1
     1
     1
     1
     1
     0
     1
     0
     1
     1
     1
     1
     1
     1
     0
     1
     1
     1
     1
     1
     1
     1
     1
     1
     1
     1
     1
     1
     1
     1
     0
     1
     1
     1
     1
     1
     1
     1
     1
     1
     1
     1
     1
     1
     1
     1
     1
     1
     1
     1
     1
     1
     1
     0
     1
     1
     1
     1
     1
     1
     1
     1
     1
     0
     1
     1
     1
     1
     0
     1
     1
     1
     1
     1
     1
     0
     1
     1
     1
     1
     1
     0
     1
     1
     1
     1
     1
     1
     1
     1
     1
     1
     1
     1
     1
     1
     1
     1
     1
     1
     1
     1
     0
     0
     1
     1
     1
     1
     1
     1
     1
     1
     1
     1
     1
     1
     1
     1
     1
     1
     0
     1
     1
     1
     1
     1
     1
     0
     0
     1
     1
     1
     1
     1
     1
     1
     1
     0
     0
     1
     1
     0
     1
     1
     1
     1
     1
     1
     1
     1
     1
     1
     1
     1
     1
     1
     1
     1
     1
     1
     1
     0
     0
     1
     1
     1
     1
     1
     1
     1
     1
     1
     1
     1
     1
     1
     1
     1
     0
     1
     1
     1
     1
     1
     1
     1
     1
     1
     1
     1
     1
     1
     1
     1
     1
     1
     1
     1
     1
     1
     1
     1
     1
     1
     1
     1
     1
     0
     1
     1
     1
     1
     1
     1
     1
     0
     1
     1
     1
     1
     1
     1
     1
     1
     1
     1
     1
     1
     1
     1
     1
     1
     1
     1
     0
     0
     1
     1
     1
     1
     1
     1
     1
     1
     1
     1
     1
     1
     1
     1
     1
     1
     1
     1
     1
     1
     1
     1
     1
     1
     0
     1
     1
     1
     1
     1
     1
     1
     1
     1
     1
     0
     1
     1
     1
     1
     1
     1
     1
     1
     1
     1
     1
     1
     1
     1
     1
     1
     1
     1
     1
     1
     1
     1
     1
     1
     1
     1
     1
     1
     1
     1
     1
     1
     1
     1
     1
     1
     1
     1
     1
     1
     1
     1
     1
     0
     1
     1
     1
     1
     1
     1
     0
     1
     1
     1
     1
     1
     1
     1
     1
     1
     1
     1
     1
     1
     1
     1
     1
     1
     1
     1
     1
     1
     0
     0
     1
     0


fval =

   2.7208e+04


exitflag =

     1


output = 

          cplexstatus: 101
    cplexstatusstring: 'integer optimal solution'
           iterations: 999112
            algorithm: 12
                 time: 304.9520
              message: 'Function converged to a solution x.'


elapsedTime =

  305.0961

>> 