
                            < M A T L A B (R) >
                  Copyright 1984-2013 The MathWorks, Inc.
                    R2013b (8.2.0.701) 64-bit (glnxa64)
                              August 13, 2013

    ----------------------------------------------------
	Your MATLAB license will expire in 51 days.
	Please contact your system administrator or
	MathWorks to renew this license.
    ----------------------------------------------------
 
To get started, type one of these: helpwin, helpdesk, or demo.
For product information, visit www.mathworks.com.
 
>> 
                            < M A T L A B (R) >
                  Copyright 1984-2013 The MathWorks, Inc.
                    R2013b (8.2.0.701) 64-bit (glnxa64)
                              August 13, 2013

    ----------------------------------------------------
	Your MATLAB license will expire in 51 days.
	Please contact your system administrator or
	MathWorks to renew this license.
    ----------------------------------------------------
Encountered unexpected end-of-file (line 0) while loading toolbox cache.
Error occurred loading: /home/r/ravi1/.matlab/R2013b/toolbox_cache-8.2.0-234978524-glnxa64.xml
Cache file ignored.
 
To get started, type one of these: helpwin, helpdesk, or demo.
For product information, visit www.mathworks.com.
 

ImageFile =

Data/zebra.pgm.atts


sparsityVal =

    98


elapsedTime =

    0.2133


x =

     []


fval =

     []


exitflag =

    -2


output = 

          cplexstatus: 103
    cplexstatusstring: 'integer infeasible'
           iterations: 0
            algorithm: 12
                 time: 0.0017
              message: 'No feasible point was found.'


elapsedTime =

    0.2133


elapsedTime =

    9.8760


x =

     0
     0
     0
     0
     0
     0
     0
     0
     0
     0
     0
     0
     0
     0
     0
     0
     0
     0
     0
     0
     0
     0
     0
     0
     0
     0
     0
     0
     0
     0
     0
     0
     0
     0
     0
     0
     0
     0
     0
     0
     0
     0
     0
     0
     0
     0
     0
     0
     0
     0
     0
     0
     0
     0
     0
     0
     0
     0
     0
     0
     0
     0
     0
     0
     0
     0
     0
     0
     0
     0
     0
     0
     0
     0
     0
     0
     0
     0
     0
     0
     0
     0
     0
     0
     0
     0
     0
     0
     0
     0
     0
     0
     0
     0
     0
     0
     0
     0
     0
     0
     0
     0
     0
     0
     0
     0
     0
     0
     0
     0
     0
     0
     0
     0
     0
     0
     0
     0
     0
     0
     0
     0
     0
     0
     0
     0
     0
     0
     0
     0
     0
     0
     0
     0
     0
     0
     0
     0
     0
     0
     0
     0
     0
     0
     0
     0
     0
     0
     0
     0
     0
     0
     0
     0
     0
     0
     0
     0
     0
     0
     0
     0
     0
     0
     0
     0
     0
     0
     0
     0
     0
     0
     0
     0
     0
     0
     0
     0
     0
     0
     0
     0
     0
     0
     0
     0
     0
     0
     0
     0
     0
     0
     0
     0
     0
     0
     0
     0
     0
     0
     0
     0
     0
     0
     0
     0
     0
     0
     0
     0
     0
     0
     0
     0
     0
     0
     0
     0
     0
     0
     0
     0
     0
     0
     0
     0
     0
     0
     0
     0
     0
     0
     0
     0
     0
     0
     0
     0
     0
     0
     0
     0
     0
     0
     0
     0
     0
     0
     0
     0
     0
     0
     0
     0
     0
     0
     0
     0
     1
     0
     0
     0
     0
     0
     0
     0
     0
     0
     0
     0
     0
     0
     0
     1
     0
     0
     0
     0
     0
     0
     1
     0
     0
     0
     0
     0
     0
     0
     0
     0
     0
     0
     0
     0
     0
     0
     0
     0
     0
     1
     0
     0
     0
     0
     0
     0
     0
     0
     0
     0
     0
     0
     0
     0
     0
     1
     0
     1
     0
     0
     0
     0
     0
     0
     0
     0
     0
     1
     0
     0
     0
     0
     1
     0
     0
     0
     0
     0
     0
     0
     0
     0
     0
     0
     0
     0
     0
     0
     1
     0
     0
     0
     1
     1
     1
     0
     1
     1
     1
     0
     0
     0
     1
     0
     0
     1
     0
     0
     0
     1
     1
     0
     1
     0
     0
     1
     0
     1
     1
     1
     0
     0
     1
     0
     0
     1
     0
     1
     0
     0
     0
     0
     0
     1
     0
     1
     0
     1
     1
     0
     1
     0
     0
     1
     0
     0
     0
     0
     1
     0
     0
     0
     0
     1
     0
     0
     0
     1
     1
     0
     0
     0
     1
     1
     0
     0
     0
     0
     0
     0
     1
     0
     1
     0
     1
     0
     1
     0
     0
     1
     1
     1
     1
     1
     1
     0
     1
     0
     1
     1
     0
     1
     0
     1
     1
     0
     0
     1
     0
     1
     1
     0
     1
     0
     1
     0
     0
     0
     1
     0
     1
     1
     1
     1
     1
     0
     1
     1
     1
     0
     0
     0
     1
     1
     0
     1
     1
     1
     0
     0
     0
     1
     0
     0
     0
     1
     0
     0
     0
     0
     1
     1
     0
     0
     1
     1
     1
     1
     1
     0
     1
     0
     1
     1
     1
     1
     0
     1
     0
     1
     1
     1
     0
     0
     1
     1
     1
     1
     1
     0
     0
     0
     1
     1
     0
     1
     1
     1
     0
     1
     1
     1
     0
     0
     0
     1
     0
     1
     0
     0
     0
     1
     0
     1
     0
     0
     0
     1
     0
     1
     0
     1
     1
     1
     1
     1
     1
     1
     0
     1
     1
     1
     1
     1
     1
     1
     1
     1
     1
     1
     0
     0
     1
     1
     1
     1
     1
     0
     1
     0
     1
     1
     1
     0
     0
     1
     1
     0
     0
     1
     1
     1
     1
     1
     1
     1
     1
     1
     1
     1
     1
     1
     0
     1
     0
     1
     0
     1
     0
     1
     1
     1
     1
     1
     1
     0
     1
     1
     1
     1
     1
     1
     1
     1
     1
     1
     1
     0
     1
     1
     1
     1
     1
     1
     1
     1
     1
     0
     1
     0
     1
     1
     1
     1
     1
     1
     0
     1
     1
     1
     1
     1
     1
     1
     0
     1
     1
     1
     1
     1
     1
     1
     1
     0
     1
     0
     1
     0
     1
     1
     1
     1
     1
     1
     1
     1
     1
     0
     1
     1
     0
     1
     0
     0
     1
     0
     1
     1
     1
     1
     1
     1
     0
     1
     1
     1
     1
     1
     1
     1
     1
     0
     1
     0
     1
     1
     1
     1
     1
     0
     1
     1
     1
     1
     0
     0
     0
     0
     0


fval =

   1.2518e+03


exitflag =

     5


output = 

          cplexstatus: 102
    cplexstatusstring: 'integer optimal, tolerance'
           iterations: 8235
            algorithm: 12
                 time: 9.7987
              message: 'Solution with numerical issues'


elapsedTime =

    9.8760


ImageFile =

Data/zebra1.pgm.atts


sparsityVal =

    98


elapsedTime =

   11.6653


x =

     0
     0
     0
     0
     0
     0
     0
     0
     0
     0
     0
     0
     0
     0
     0
     0
     0
     0
     0
     0
     0
     0
     0
     0
     0
     0
     0
     0
     0
     0
     0
     0
     0
     0
     0
     0
     0
     0
     0
     0
     0
     0
     0
     0
     0
     0
     0
     0
     0
     0
     0
     0
     0
     0
     0
     0
     0
     0
     0
     0
     0
     0
     0
     0
     0
     0
     0
     0
     0
     0
     0
     0
     0
     0
     0
     0
     0
     0
     0
     0
     0
     0
     0
     0
     0
     0
     0
     0
     0
     0
     0
     0
     0
     0
     0
     0
     0
     0
     0
     0
     0
     0
     0
     0
     0
     0
     0
     0
     0
     0
     0
     0
     0
     0
     0
     0
     0
     0
     0
     0
     0
     0
     0
     0
     0
     0
     0
     0
     0
     0
     0
     0
     0
     0
     1
     0
     0
     0
     0
     0
     0
     0
     0
     0
     1
     0
     0
     0
     0
     0
     0
     1
     0
     0
     0
     0
     0
     0
     0
     0
     0
     0
     1
     0
     0
     0
     0
     1
     1
     0
     1
     0
     0
     0
     0
     1
     0
     0
     0
     0
     0
     0
     0
     0
     0
     0
     0
     0
     0
     0
     0
     0
     0
     0
     0
     0
     1
     0
     0
     0
     0
     0
     0
     0
     0
     0
     0
     0
     0
     0
     0
     0
     0
     0
     1
     1
     0
     0
     1
     0
     0
     1
     0
     0
     0
     1
     1
     1
     0
     0
     0
     0
     1
     1
     0
     0
     1
     0
     0
     0
     1
     0
     0
     0
     0
     1
     0
     0
     0
     0
     0
     1
     0
     0
     1
     0
     0
     1
     0
     0
     0
     1
     0
     1
     1
     1
     0
     1
     0
     0
     0
     0
     1
     0
     0
     0
     0
     0
     1
     0
     1
     1
     1
     1
     1
     0
     0
     0
     1
     0
     1
     0
     0
     1
     1
     0
     1
     1
     1
     1
     1
     1
     1
     0
     0
     0
     0
     1
     1
     0
     0
     0
     0
     1
     1
     0
     0
     1
     1
     1
     0
     0
     1
     1
     1
     0
     1
     1
     1
     1
     1
     0
     0
     1
     0
     1
     0
     1
     0
     1
     1
     0
     1
     0
     1
     0
     0
     1
     1
     1
     1
     1
     1
     0
     1
     1
     1
     1
     1
     1
     1
     0
     1
     0
     0
     0
     0
     1
     0
     1
     1
     1
     0
     0
     1
     1
     0
     0
     1
     0
     1
     1
     1
     1
     1
     1
     1
     1
     0
     1
     0
     1
     0
     1
     0
     0
     0
     1
     1
     1
     1
     1
     1
     1
     1
     1
     1
     1
     1
     1
     1
     1
     1
     0
     1
     1
     1
     1
     1
     1
     0
     1
     0
     0
     1
     1
     0
     1
     1
     0
     1
     1
     1
     0
     0
     1
     1
     1
     1
     1
     1
     1
     1
     1
     0
     1
     0
     0
     1
     1
     1
     1
     0
     1
     1
     1
     1
     1
     1
     0
     1
     1
     1
     1
     1
     1
     1
     1
     1
     1
     1
     1
     1
     0
     1
     1
     1
     1
     1
     1
     1
     1
     1
     1
     0
     1
     1
     0
     1
     1
     1
     1
     1
     1
     0
     1
     1
     1
     1
     1
     1
     1
     1
     1
     1
     1
     1
     1
     1
     1
     1
     1
     0
     1
     1
     1
     1
     1
     1
     1
     1
     1
     1
     1
     1
     1
     1
     0
     1
     0
     1
     0
     1
     1
     1
     1
     1
     1
     1
     1
     1
     1
     0
     1
     0
     1
     1
     1
     1
     1
     1
     1
     1
     1
     1
     1
     0
     1
     0
     0
     0
     1
     1
     1
     0
     1
     1
     1
     1
     1
     1
     0
     1
     1
     1
     1
     0
     1
     0
     1
     1
     1
     1
     1
     1
     1
     1
     1
     0
     1
     1
     1
     1
     1
     1
     1
     1
     1
     1
     1
     1
     1
     1
     1
     1
     0
     1
     1
     1
     1
     1
     1
     1
     1
     1
     0
     1
     1
     1
     0
     0
     1
     0
     1
     1
     0
     1
     1
     1
     1
     1
     1
     1
     1
     1
     1
     1
     1
     1
     1
     1
     1
     1
     1
     1
     1
     1
     1
     1
     1
     0
     1
     1
     1
     1
     1
     1
     1
     1
     1
     1
     1
     1
     1
     1
     1
     1
     1
     1
     1
     1
     0
     0
     1


fval =

   3.0396e+03


exitflag =

     1


output = 

          cplexstatus: 101
    cplexstatusstring: 'integer optimal solution'
           iterations: 6726
            algorithm: 12
                 time: 11.5790
              message: 'Function converged to a solution x.'


elapsedTime =

   11.6653

>> 