
                            < M A T L A B (R) >
                  Copyright 1984-2013 The MathWorks, Inc.
                    R2013b (8.2.0.701) 64-bit (glnxa64)
                              August 13, 2013

    ----------------------------------------------------
	Your MATLAB license will expire in 51 days.
	Please contact your system administrator or
	MathWorks to renew this license.
    ----------------------------------------------------
 
To get started, type one of these: helpwin, helpdesk, or demo.
For product information, visit www.mathworks.com.
 
>> 
                            < M A T L A B (R) >
                  Copyright 1984-2013 The MathWorks, Inc.
                    R2013b (8.2.0.701) 64-bit (glnxa64)
                              August 13, 2013

    ----------------------------------------------------
	Your MATLAB license will expire in 51 days.
	Please contact your system administrator or
	MathWorks to renew this license.
    ----------------------------------------------------
Encountered unexpected end-of-file (line 45302) while loading toolbox cache.
Error occurred loading: /home/r/ravi1/.matlab/R2013b/toolbox_cache-8.2.0-234978524-glnxa64.xml
Cache file ignored.
 
To get started, type one of these: helpwin, helpdesk, or demo.
For product information, visit www.mathworks.com.
 

ImageFile =

Data/golfcart.pgm.atts


sparsityVal =

    98


elapsedTime =

   30.5326


x =

     0
     0
     0
     0
     0
     0
     0
     0
     0
     0
     0
     0
     0
     0
     0
     0
     0
     0
     0
     0
     0
     0
     0
     0
     0
     0
     0
     0
     0
     0
     0
     0
     0
     0
     0
     0
     0
     0
     0
     0
     0
     0
     0
     0
     0
     0
     0
     0
     0
     0
     0
     0
     0
     0
     0
     0
     0
     0
     0
     0
     0
     0
     0
     0
     0
     0
     0
     0
     0
     0
     0
     0
     0
     0
     0
     0
     1
     0
     0
     0
     0
     0
     0
     0
     0
     0
     0
     0
     0
     0
     0
     0
     0
     0
     0
     0
     0
     0
     0
     0
     0
     0
     0
     0
     0
     0
     0
     0
     0
     0
     0
     0
     0
     1
     0
     0
     0
     0
     0
     0
     0
     0
     0
     0
     0
     0
     0
     0
     0
     0
     0
     0
     0
     0
     0
     0
     0
     0
     0
     0
     0
     0
     0
     0
     0
     0
     0
     0
     0
     0
     0
     0
     0
     0
     1
     0
     0
     0
     0
     0
     1
     0
     0
     0
     0
     0
     0
     0
     0
     0
     0
     0
     1
     0
     1
     0
     0
     0
     1
     0
     0
     0
     0
     1
     1
     1
     0
     0
     0
     0
     0
     1
     0
     1
     0
     0
     0
     0
     0
     0
     1
     0
     0
     1
     0
     0
     0
     0
     0
     0
     0
     0
     0
     0
     0
     0
     0
     0
     0
     0
     0
     0
     1
     1
     0
     0
     0
     0
     1
     1
     0
     0
     0
     0
     0
     1
     0
     0
     0
     0
     1
     1
     0
     0
     0
     0
     0
     0
     0
     1
     0
     0
     0
     0
     0
     1
     0
     0
     0
     0
     0
     1
     1
     0
     0
     1
     1
     1
     0
     1
     0
     1
     0
     0
     1
     1
     1
     1
     0
     0
     0
     0
     0
     1
     1
     1
     0
     1
     1
     1
     0
     1
     1
     1
     0
     0
     1
     1
     1
     1
     1
     1
     1
     0
     1
     1
     0
     0
     0
     1
     1
     1
     0
     1
     1
     1
     1
     0
     1
     1
     0
     0
     0
     0
     0
     1
     1
     1
     1
     1
     1
     1
     0
     1
     1
     1
     0
     0
     1
     1
     1
     0
     0
     0
     0
     1
     0
     1
     1
     0
     0
     1
     1
     1
     1
     0
     1
     1
     1
     1
     1
     0
     0
     1
     1
     0
     1
     1
     0
     1
     1
     1
     1
     1
     1
     0
     1
     0
     1
     0
     1
     1
     1
     1
     1
     1
     1
     0
     0
     0
     1
     1
     0
     0
     1
     1
     1
     1
     1
     1
     1
     1
     1
     1
     0
     0
     1
     0
     1
     1
     0
     1
     1
     1
     1
     1
     0
     0
     1
     1
     0
     0
     0
     0
     1
     1
     1
     1
     1
     1
     1
     1
     0
     1
     1
     1
     1
     1
     1
     1
     0
     0
     0
     1
     1
     1
     0
     1
     1
     1
     0
     1
     1
     1
     1
     0
     1
     1
     1
     1
     1
     1
     1
     1
     0
     0
     1
     0
     1
     1
     1
     0
     1
     1
     1
     1
     1
     1
     1
     1
     1
     1
     1
     0
     1
     1
     1
     1
     1
     0
     1
     1
     0
     1
     0
     0
     1
     0
     1
     0
     1
     1
     1
     1
     1
     0
     1
     1
     1
     1
     1
     0
     0
     1
     1
     1
     1
     1
     1
     1
     1
     1
     0
     0
     1
     1
     1
     1
     1
     1
     1
     1
     1
     1
     0
     0
     0
     1
     1
     1
     1
     1
     0
     1
     0
     0
     1
     1
     0
     0
     1
     0
     1
     1
     1
     1
     0
     1
     0
     1
     1
     1
     0
     1
     1
     1
     1
     1
     0
     1
     1
     1
     0
     1
     1
     0
     1
     0
     0
     1
     0
     0
     0
     0
     1
     1
     1
     1
     1
     1
     1
     1
     1
     1
     1
     1
     1
     0
     1
     1
     1
     0
     1
     0
     1
     1
     1
     1
     1
     0
     1
     0
     1
     1
     0
     1
     0
     0
     1
     0
     1
     1
     1
     1
     1
     1
     1
     1
     0
     1
     1
     1
     1
     0
     1
     1
     0
     0
     1
     0
     1
     1
     0
     1
     1
     1
     0
     0
     1
     0
     1
     1
     1
     1
     0
     0
     1
     1
     1
     1
     0
     1
     1
     1
     1
     1
     1
     0
     0
     0
     1
     1
     1
     1
     1
     0
     1
     1
     1
     1
     1
     1
     1
     0
     1
     1
     1
     1
     1
     1
     1
     1
     1
     1
     1
     0
     1
     0
     0
     1
     0
     0
     0
     0
     0
     1
     1
     1
     1
     1
     1
     1
     1
     1
     1
     1
     1
     1
     1
     1
     1
     1
     0
     1
     1
     1
     1
     1
     1
     0
     1
     1
     1
     1
     1
     0
     1
     1
     1
     1
     1
     1
     1
     1
     1
     1
     1
     1
     1
     1
     0
     1
     0
     1
     0
     1
     1
     1
     0
     1
     0
     1
     1
     1
     1
     1
     1
     1
     0
     0


fval =

   3.7682e+03


exitflag =

     1


output = 

          cplexstatus: 101
    cplexstatusstring: 'integer optimal solution'
           iterations: 8842
            algorithm: 12
                 time: 30.3537
              message: 'Function converged to a solution x.'


elapsedTime =

   30.5326


ImageFile =

Data/homes.pgm.atts


sparsityVal =

    98


elapsedTime =

   43.0380


x =

     1
     1
     1
     1
     1
     1
     1
     1
     1
     1
     1
     1
     1
     1
     1
     1
     1
     1
     1
     1
     1
     1
     1
     1
     1
     1
     1
     1
     1
     1
     1
     1
     1
     1
     1
     1
     1
     1
     1
     1
     1
     1
     1
     1
     1
     1
     1
     1
     1
     1
     1
     1
     1
     1
     1
     1
     1
     1
     1
     1
     1
     1
     1
     1
     1
     1
     1
     1
     1
     1
     1
     1
     1
     1
     1
     1
     1
     1
     1
     1
     1
     1
     1
     1
     1
     1
     1
     1
     1
     1
     1
     1
     1
     1
     1
     1
     1
     1
     1
     1
     1
     1
     1
     1
     1
     1
     1
     1
     1
     1
     1
     1
     1
     1
     1
     1
     1
     1
     1
     1
     1
     1
     1
     1
     1
     1
     1
     1
     1
     1
     1
     1
     1
     1
     1
     1
     1
     1
     1
     1
     1
     1
     1
     1
     1
     1
     1
     1
     1
     1
     1
     1
     1
     1
     1
     1
     1
     1
     1
     1
     1
     1
     1
     1
     1
     1
     1
     1
     1
     1
     1
     1
     1
     1
     1
     1
     1
     1
     1
     1
     1
     1
     1
     1
     1
     1
     1
     1
     1
     1
     1
     1
     1
     1
     1
     1
     1
     1
     1
     1
     1
     1
     1
     1
     1
     1
     1
     1
     1
     1
     1
     1
     1
     1
     1
     1
     1
     1
     1
     1
     1
     1
     1
     1
     1
     1
     1
     1
     1
     1
     1
     1
     1
     1
     1
     1
     1
     1
     1
     1
     1
     1
     1
     1
     1
     1
     1
     1
     1
     1
     1
     1
     1
     1
     1
     1
     1
     1
     1
     1
     1
     1
     1
     1
     1
     1
     1
     1
     1
     1
     1
     1
     1
     1
     1
     1
     1
     1
     1
     1
     1
     1
     1
     1
     1
     1
     1
     1
     1
     1
     1
     1
     1
     1
     1
     1
     1
     1
     1
     1
     1
     1
     1
     1
     1
     1
     1
     1
     1
     1
     1
     1
     0
     1
     1
     1
     1
     1
     1
     1
     0
     1
     1
     1
     1
     1
     1
     1
     1
     1
     1
     1
     1
     1
     1
     1
     1
     1
     1
     1
     1
     1
     0
     1
     1
     1
     1
     1
     1
     1
     1
     1
     1
     0
     0
     0
     1
     1
     1
     1
     1
     1
     1
     1
     1
     1
     1
     1
     1
     1
     1
     1
     0
     1
     1
     1
     1
     1
     1
     1
     0
     1
     1
     0
     1
     1
     0
     1
     1
     1
     1
     0
     0
     1
     1
     1
     1
     0
     0
     1
     1
     1
     1
     1
     1
     1
     0
     0
     1
     1
     0
     1
     1
     1
     0
     1
     1
     0
     0
     1
     1
     0
     1
     1
     0
     1
     1
     1
     1
     1
     0
     0
     1
     1
     1
     0
     0
     1
     1
     0
     0
     1
     0
     0
     0
     1
     1
     1
     1
     1
     1
     0
     0
     1
     0
     1
     1
     0
     0
     0
     1
     0
     1
     0
     1
     1
     0
     0
     0
     0
     0
     0
     0
     1
     1
     0
     1
     1
     1
     1
     1
     0
     0
     0
     0
     0
     1
     0
     1
     1
     1
     0
     0
     1
     1
     1
     0
     0
     0
     0
     0
     0
     1
     0
     1
     1
     0
     0
     0
     0
     1
     0
     1
     0
     0
     0
     0
     1
     0
     0
     1
     0
     0
     0
     0
     0
     0
     0
     0
     0
     0
     0
     0
     0
     0
     0
     1
     0
     0
     0
     0
     0
     0
     0
     0
     0
     0
     1
     0
     0
     0
     1
     1
     1
     0
     0
     0
     0
     0
     0
     0
     0
     0
     0
     0
     0
     0
     0
     0
     0
     0
     0
     0
     1
     0
     0
     0
     0
     0
     0
     0
     0
     0
     0
     0
     0
     0
     0
     0
     0
     0
     0
     1
     0
     1
     0
     0
     0
     0
     0
     0
     0
     0
     0
     0
     1
     0
     0
     0
     0
     0
     0
     0
     1
     0
     0
     0
     0
     0
     0
     1
     0
     0
     0
     0
     0
     0
     0
     0
     0
     0
     0
     0
     0
     0
     0
     0
     0
     0
     0
     0
     0
     0
     0
     0
     0
     0
     0
     0
     0
     0
     0
     0
     0
     0
     0
     0
     0
     0
     1
     0
     0
     0
     0
     0
     0
     0
     0
     0
     1
     0
     0
     0
     0
     0
     0
     0
     0
     0
     0
     0
     0
     0
     0
     0
     0
     0
     0
     0
     0
     0
     0
     0
     0
     0
     0
     0
     0
     0
     0
     0
     0
     0
     0
     0
     0
     0
     0
     0
     1
     0
     0
     0
     0
     0
     0
     0
     0
     0
     0
     0
     0
     0
     0
     0
     0
     1
     0
     0
     0
     0
     0
     0
     1
     1
     0
     0
     0
     0
     0
     0
     0
     0
     1
     1
     0
     0
     1
     0
     0
     0
     0
     0
     0
     0
     0
     0
     0
     0
     0
     0
     0
     0
     0
     0
     0
     0
     0
     1
     0
     0
     0
     0
     0
     0
     0
     0
     0
     0
     0
     0
     0
     0
     0
     1
     0
     0
     0
     0
     0
     0
     0
     0
     0
     0
     0
     0
     0
     0
     0
     0
     0
     0
     0
     0
     0
     0
     0
     0
     0
     0
     0
     0
     1
     0
     0
     0
     0
     0
     0
     0
     0
     0
     0
     0
     0
     0
     0
     0
     0
     0
     0
     0
     0
     0
     0
     0
     0
     0
     0
     0
     1
     0
     0
     0
     0
     0
     0
     0
     0
     0
     0
     0
     0
     0
     0
     0
     0
     0
     0
     0
     0
     0
     0
     0
     0
     1
     0
     0
     0
     0
     0
     0
     0
     0
     0
     0
     0
     0
     0
     0
     0
     0
     0
     0
     0
     0
     0
     0
     0
     0
     0
     0
     0
     0
     0
     0
     0
     0
     0
     0
     0
     0
     0
     0
     0
     0
     0
     0
     0
     0
     0
     0
     0
     0
     0
     0
     0
     0
     0
     0
     1
     0
     0
     0
     0
     0
     0
     0
     0
     0
     0
     0
     0
     0
     0
     0
     0
     0
     0
     0
     0
     0
     0
     0
     0
     0
     0
     0
     0
     1
     1
     0
     1


fval =

   1.1097e+04


exitflag =

     1


output = 

          cplexstatus: 101
    cplexstatusstring: 'integer optimal solution'
           iterations: 120186
            algorithm: 12
                 time: 42.9057
              message: 'Function converged to a solution x.'


elapsedTime =

   43.0380

>> 