
                            < M A T L A B (R) >
                  Copyright 1984-2013 The MathWorks, Inc.
                    R2013b (8.2.0.701) 64-bit (glnxa64)
                              August 13, 2013

    ----------------------------------------------------
	Your MATLAB license will expire in 51 days.
	Please contact your system administrator or
	MathWorks to renew this license.
    ----------------------------------------------------
 
To get started, type one of these: helpwin, helpdesk, or demo.
For product information, visit www.mathworks.com.
 
>> 
                            < M A T L A B (R) >
                  Copyright 1984-2013 The MathWorks, Inc.
                    R2013b (8.2.0.701) 64-bit (glnxa64)
                              August 13, 2013

    ----------------------------------------------------
	Your MATLAB license will expire in 51 days.
	Please contact your system administrator or
	MathWorks to renew this license.
    ----------------------------------------------------
 
To get started, type one of these: helpwin, helpdesk, or demo.
For product information, visit www.mathworks.com.
 

ImageFile =

Data/S006I016.PGM.atts


sparsityVal =

    96


elapsedTime =

    4.5326


x =

     1
     1
     1
     1
     1
     1
     1
     1
     1
     1
     1
     1
     1
     1
     1
     0
     1
     0
     1
     1
     1
     1
     1
     1
     1
     1
     1
     1
     1
     1
     1
     1
     1
     1
     1
     1
     1
     1
     1
     1
     1
     1
     1
     1
     1
     1
     1
     1
     1
     1
     1
     1
     1
     1
     1
     1
     1
     1
     1
     1
     1
     1
     0
     1
     1
     1
     1
     0
     1
     1
     1
     1
     1
     1
     1
     1
     1
     1
     0
     1
     1
     1
     1
     1
     1
     1
     1
     0
     0
     1
     1
     1
     1
     1
     1
     0
     1
     1
     0
     0
     0
     1
     1
     1
     1
     1
     1
     1
     1
     0
     1
     1
     0
     0
     1
     1
     0
     1
     1
     1
     0
     1
     1
     1
     1
     1
     0
     0
     0
     1
     1
     0
     1
     1
     0
     1
     1
     0
     1
     1
     1
     0
     1
     1
     0
     1
     1
     0
     1
     1
     1
     1
     0
     0
     1
     0
     1
     0
     1
     1
     0
     0
     0
     1
     0
     0
     0
     1
     1
     0
     1
     1
     1
     0
     1
     0
     0
     0
     0
     0
     1
     1
     0
     1
     1
     0
     0
     1
     0
     0
     1
     0
     1
     0
     0
     0
     0
     0
     1
     1
     0
     1
     0
     0
     1
     1
     0
     0
     1
     0
     0
     0
     0
     0
     0
     0
     0
     0
     0
     0
     0
     1
     0
     0
     0
     0
     0
     0
     0
     0
     0
     0
     0
     0
     0
     0
     1
     0
     0
     0
     0
     0
     0
     0
     0
     0
     0
     0
     0
     0
     0
     1
     0
     0
     0
     0
     0
     0
     0
     0
     1
     0
     1
     0
     1
     0
     0
     0
     0
     0
     0
     0
     0
     1
     0
     0
     0
     0
     0
     0
     0
     0
     0
     0
     0
     0
     0
     0
     0
     0
     0
     0
     0
     0
     0
     0
     0
     0
     0
     1
     0
     0
     0
     0
     0
     0
     0
     0
     0
     0
     0
     1
     0
     0
     0
     0
     0
     0
     0
     1
     0
     0


fval =

   1.7060e+03


exitflag =

     1


output = 

          cplexstatus: 101
    cplexstatusstring: 'integer optimal solution'
           iterations: 2927
            algorithm: 12
                 time: 4.3688
              message: 'Function converged to a solution x.'


elapsedTime =

    4.5326


ImageFile =

Data/S006I017.PGM.atts


sparsityVal =

    96


elapsedTime =

   20.6172


x =

     1
     1
     1
     1
     1
     1
     1
     1
     1
     1
     1
     1
     1
     1
     1
     1
     1
     1
     1
     1
     1
     1
     1
     1
     1
     1
     1
     1
     1
     1
     1
     1
     1
     1
     1
     1
     1
     1
     1
     1
     1
     1
     1
     1
     1
     1
     1
     1
     1
     1
     1
     1
     1
     1
     1
     1
     1
     1
     1
     1
     1
     1
     1
     1
     1
     1
     1
     1
     1
     1
     1
     1
     1
     1
     1
     1
     1
     1
     1
     1
     1
     1
     1
     1
     0
     1
     1
     1
     1
     1
     1
     1
     0
     1
     1
     1
     1
     1
     1
     1
     0
     0
     1
     1
     1
     1
     1
     1
     1
     1
     1
     1
     0
     1
     0
     0
     0
     0
     0
     1
     1
     1
     1
     1
     1
     0
     1
     0
     1
     1
     1
     1
     1
     1
     0
     1
     0
     1
     1
     0
     1
     0
     1
     1
     1
     0
     1
     0
     0
     0
     0
     0
     1
     1
     1
     1
     1
     1
     0
     0
     0
     1
     1
     0
     0
     0
     1
     0
     1
     1
     0
     1
     1
     1
     0
     1
     0
     0
     1
     0
     1
     1
     0
     0
     0
     0
     1
     0
     0
     1
     0
     1
     1
     0
     1
     0
     0
     1
     0
     1
     0
     0
     0
     0
     0
     0
     0
     0
     0
     1
     1
     0
     0
     0
     0
     0
     1
     0
     0
     0
     0
     0
     0
     0
     0
     0
     0
     0
     0
     0
     0
     0
     0
     0
     1
     0
     0
     0
     1
     1
     0
     0
     0
     1
     0
     0
     0
     0
     0
     0
     0
     0
     0
     0
     0
     0
     0
     0
     0
     0
     1
     0
     0
     0
     0
     0
     0
     0
     1
     1
     1
     0
     0
     0
     0
     0
     0
     0
     0
     0
     0
     0
     0
     0
     1
     0
     0
     0
     0
     0
     0
     0
     1
     0
     0
     0
     0
     0
     0
     0
     0
     0
     0
     0
     0
     0
     0
     1
     0
     0
     0
     0
     0
     0
     0
     0
     0
     0
     0
     0
     0
     0
     0
     0
     0
     0
     0
     0
     0
     0
     0
     0
     0
     0
     0
     0
     0
     0


fval =

   2.6436e+03


exitflag =

     1


output = 

          cplexstatus: 101
    cplexstatusstring: 'integer optimal solution'
           iterations: 3264
            algorithm: 12
                 time: 20.5352
              message: 'Function converged to a solution x.'


elapsedTime =

   20.6172

>> 