
                            < M A T L A B (R) >
                  Copyright 1984-2013 The MathWorks, Inc.
                    R2013b (8.2.0.701) 64-bit (glnxa64)
                              August 13, 2013

    ----------------------------------------------------
	Your MATLAB license will expire in 51 days.
	Please contact your system administrator or
	MathWorks to renew this license.
    ----------------------------------------------------
 
To get started, type one of these: helpwin, helpdesk, or demo.
For product information, visit www.mathworks.com.
 
>> 
                            < M A T L A B (R) >
                  Copyright 1984-2013 The MathWorks, Inc.
                    R2013b (8.2.0.701) 64-bit (glnxa64)
                              August 13, 2013

    ----------------------------------------------------
	Your MATLAB license will expire in 51 days.
	Please contact your system administrator or
	MathWorks to renew this license.
    ----------------------------------------------------
Encountered unexpected end-of-file (line 28577) while loading toolbox cache.
Error occurred loading: /home/r/ravi1/.matlab/R2013b/toolbox_cache-8.2.0-234978524-glnxa64.xml
Cache file ignored.
 
To get started, type one of these: helpwin, helpdesk, or demo.
For product information, visit www.mathworks.com.
 

ImageFile =

Data/golfcart.pgm.atts


sparsityVal =

    96


elapsedTime =

  122.9896


x =

     0
     0
     0
     0
     0
     0
     0
     0
     0
     0
     0
     0
     0
     0
     0
     0
     0
     0
     0
     0
     0
     0
     0
     0
     0
     0
     0
     0
     0
     0
     0
     0
     0
     0
     0
     0
     0
     0
     0
     0
     0
     0
     0
     0
     0
     0
     0
     0
     0
     0
     0
     0
     0
     0
     0
     0
     0
     0
     0
     0
     0
     0
     0
     0
     0
     0
     0
     0
     0
     0
     0
     0
     0
     0
     0
     0
     0
     0
     0
     0
     0
     0
     0
     0
     0
     0
     0
     0
     0
     0
     0
     0
     0
     0
     0
     0
     0
     0
     0
     0
     0
     0
     0
     0
     0
     0
     0
     0
     0
     0
     0
     0
     0
     0
     0
     0
     0
     0
     0
     0
     0
     0
     0
     0
     0
     0
     0
     0
     0
     0
     0
     0
     0
     0
     0
     0
     0
     0
     0
     0
     0
     0
     0
     0
     0
     0
     0
     0
     0
     0
     0
     0
     0
     0
     1
     0
     0
     0
     0
     0
     0
     0
     0
     0
     0
     0
     0
     0
     0
     0
     0
     0
     1
     0
     1
     0
     0
     0
     0
     0
     0
     0
     0
     0
     0
     1
     0
     1
     0
     0
     0
     0
     0
     0
     0
     0
     0
     0
     0
     0
     0
     0
     0
     1
     0
     0
     0
     0
     0
     0
     0
     0
     0
     0
     0
     0
     0
     0
     0
     0
     0
     0
     0
     1
     0
     0
     0
     0
     1
     0
     0
     0
     0
     0
     0
     1
     0
     0
     0
     0
     1
     1
     0
     0
     0
     0
     0
     0
     0
     1
     0
     0
     0
     0
     0
     1
     0
     0
     0
     0
     1
     0
     1
     0
     0
     1
     1
     1
     0
     1
     1
     1
     0
     0
     1
     1
     1
     1
     0
     0
     0
     0
     0
     1
     1
     1
     0
     1
     0
     1
     1
     1
     1
     1
     0
     1
     1
     1
     1
     1
     1
     1
     1
     0
     1
     1
     0
     0
     0
     1
     1
     0
     0
     0
     1
     1
     1
     0
     1
     1
     0
     0
     0
     0
     1
     1
     1
     1
     1
     1
     1
     1
     0
     1
     1
     1
     1
     1
     1
     1
     1
     0
     1
     0
     0
     1
     0
     1
     1
     1
     0
     1
     1
     1
     1
     0
     1
     1
     1
     1
     1
     0
     1
     1
     1
     0
     1
     1
     0
     1
     1
     1
     1
     1
     1
     0
     1
     0
     1
     0
     1
     1
     1
     0
     1
     1
     1
     1
     0
     0
     1
     1
     1
     0
     1
     1
     0
     1
     1
     1
     1
     1
     1
     1
     0
     0
     1
     0
     1
     1
     0
     1
     1
     1
     1
     1
     1
     0
     1
     1
     0
     0
     0
     0
     1
     0
     1
     1
     1
     1
     1
     1
     0
     1
     1
     0
     1
     1
     1
     1
     1
     0
     0
     1
     1
     1
     1
     1
     1
     1
     0
     1
     1
     1
     1
     1
     1
     1
     1
     1
     1
     1
     1
     1
     0
     0
     1
     0
     1
     1
     1
     1
     1
     1
     1
     1
     1
     1
     1
     1
     1
     1
     1
     0
     1
     1
     0
     1
     1
     0
     1
     1
     0
     1
     0
     0
     1
     0
     1
     0
     1
     1
     1
     1
     1
     1
     1
     1
     0
     1
     1
     0
     0
     1
     1
     1
     1
     1
     1
     1
     1
     1
     0
     0
     1
     1
     1
     1
     0
     1
     1
     1
     1
     0
     0
     0
     0
     1
     1
     1
     1
     1
     0
     0
     0
     0
     1
     1
     0
     0
     1
     0
     1
     1
     1
     1
     0
     1
     0
     1
     1
     1
     0
     0
     1
     1
     1
     1
     0
     1
     1
     1
     1
     1
     1
     0
     1
     0
     0
     1
     0
     0
     0
     0
     1
     0
     1
     1
     1
     1
     1
     1
     1
     1
     1
     1
     1
     0
     1
     1
     0
     0
     1
     0
     1
     1
     1
     1
     1
     0
     1
     0
     1
     1
     0
     1
     0
     0
     1
     0
     1
     1
     1
     1
     1
     1
     1
     1
     0
     1
     1
     1
     1
     0
     1
     1
     0
     1
     1
     0
     1
     1
     0
     1
     1
     1
     1
     1
     1
     0
     1
     1
     1
     1
     0
     0
     1
     1
     1
     1
     0
     1
     1
     1
     1
     1
     1
     0
     0
     0
     1
     1
     1
     1
     1
     0
     1
     1
     1
     1
     1
     1
     1
     1
     1
     1
     1
     1
     1
     1
     1
     1
     1
     1
     1
     0
     1
     0
     1
     1
     0
     0
     0
     1
     0
     1
     1
     1
     1
     1
     1
     1
     1
     1
     1
     1
     1
     1
     1
     1
     1
     1
     0
     1
     1
     1
     1
     1
     1
     0
     1
     1
     0
     1
     1
     0
     1
     1
     1
     1
     1
     1
     1
     1
     0
     1
     1
     1
     1
     1
     1
     1
     0
     1
     1
     1
     1
     1
     0
     1
     0
     1
     1
     1
     1
     1
     1
     1
     0
     1


fval =

   9.2279e+03


exitflag =

     1


output = 

          cplexstatus: 101
    cplexstatusstring: 'integer optimal solution'
           iterations: 200585
            algorithm: 12
                 time: 122.6691
              message: 'Function converged to a solution x.'


elapsedTime =

  122.9896


ImageFile =

Data/homes.pgm.atts


sparsityVal =

    96


elapsedTime =

  339.8724


x =

     0
     0
     0
     0
     0
     0
     0
     0
     0
     0
     0
     0
     0
     0
     0
     0
     0
     0
     0
     0
     0
     0
     0
     0
     0
     0
     0
     0
     0
     0
     0
     0
     0
     0
     0
     0
     0
     0
     0
     0
     0
     0
     0
     0
     0
     0
     0
     0
     0
     0
     0
     0
     0
     0
     0
     0
     0
     0
     0
     0
     0
     0
     0
     0
     0
     0
     0
     0
     0
     0
     0
     0
     0
     0
     0
     0
     0
     0
     0
     0
     0
     0
     0
     0
     0
     0
     0
     0
     0
     0
     0
     0
     0
     0
     0
     0
     0
     0
     0
     0
     0
     0
     0
     0
     0
     0
     0
     0
     0
     0
     0
     0
     0
     0
     0
     0
     0
     0
     0
     0
     0
     0
     0
     0
     0
     0
     0
     0
     0
     0
     0
     0
     0
     0
     0
     0
     0
     0
     0
     0
     0
     0
     0
     0
     0
     0
     0
     0
     0
     0
     0
     0
     0
     0
     0
     0
     0
     0
     0
     0
     0
     0
     0
     0
     0
     0
     0
     0
     0
     0
     0
     0
     0
     0
     0
     0
     0
     0
     0
     0
     0
     0
     0
     0
     0
     0
     0
     0
     0
     0
     0
     0
     0
     0
     0
     0
     0
     0
     0
     0
     0
     0
     0
     0
     0
     0
     0
     0
     0
     0
     0
     0
     0
     0
     0
     0
     0
     0
     0
     0
     0
     0
     0
     0
     0
     0
     0
     0
     0
     0
     0
     0
     0
     0
     0
     0
     0
     0
     0
     0
     0
     0
     0
     0
     0
     0
     0
     0
     0
     0
     0
     0
     0
     0
     0
     0
     0
     0
     0
     0
     0
     0
     0
     0
     0
     0
     0
     0
     0
     0
     0
     1
     0
     0
     0
     0
     0
     0
     0
     0
     0
     0
     0
     0
     0
     0
     0
     0
     0
     0
     0
     0
     0
     0
     0
     0
     0
     0
     0
     0
     0
     0
     0
     0
     0
     0
     0
     1
     0
     0
     0
     0
     1
     0
     0
     0
     0
     0
     0
     0
     0
     0
     0
     0
     0
     0
     0
     0
     0
     0
     0
     0
     0
     0
     0
     0
     0
     1
     0
     1
     0
     0
     0
     0
     0
     0
     0
     0
     1
     0
     0
     0
     0
     1
     1
     1
     0
     0
     0
     0
     0
     0
     0
     0
     1
     0
     1
     0
     0
     0
     0
     0
     1
     0
     1
     0
     0
     0
     0
     0
     1
     0
     0
     1
     0
     1
     1
     1
     0
     0
     0
     1
     1
     0
     0
     0
     0
     1
     1
     0
     0
     0
     0
     0
     0
     0
     1
     1
     0
     0
     0
     1
     0
     1
     1
     0
     0
     1
     1
     0
     0
     1
     0
     1
     1
     0
     0
     0
     1
     1
     1
     1
     0
     1
     0
     1
     0
     0
     0
     1
     1
     0
     1
     1
     1
     1
     0
     0
     0
     0
     0
     1
     0
     0
     0
     0
     1
     1
     0
     1
     0
     1
     0
     0
     0
     0
     1
     1
     1
     1
     1
     1
     1
     0
     0
     1
     0
     0
     0
     1
     0
     0
     1
     1
     1
     1
     0
     1
     0
     0
     1
     1
     1
     0
     0
     0
     1
     1
     1
     1
     1
     1
     0
     1
     0
     0
     1
     1
     1
     1
     1
     1
     1
     1
     1
     1
     1
     1
     1
     1
     0
     1
     1
     1
     1
     1
     1
     1
     1
     0
     1
     1
     1
     1
     1
     1
     0
     1
     1
     1
     1
     1
     1
     1
     1
     1
     1
     0
     1
     0
     1
     0
     0
     0
     1
     1
     1
     1
     0
     1
     1
     1
     1
     1
     1
     1
     1
     1
     1
     1
     1
     1
     1
     1
     1
     1
     1
     1
     1
     1
     1
     1
     1
     1
     1
     1
     1
     1
     1
     1
     1
     1
     0
     1
     0
     1
     1
     1
     1
     1
     1
     1
     1
     1
     0
     0
     1
     1
     1
     1
     1
     0
     1
     0
     1
     1
     1
     1
     1
     1
     0
     1
     1
     1
     1
     1
     1
     1
     1
     1
     1
     1
     1
     1
     1
     1
     0
     1
     1
     1
     1
     1
     1
     1
     1
     1
     1
     1
     1
     1
     1
     1
     1
     1
     1
     1
     1
     1
     1
     0
     1
     1
     1
     1
     1
     1
     1
     1
     1
     0
     1
     1
     1
     1
     0
     1
     1
     1
     1
     1
     1
     0
     1
     1
     1
     1
     1
     0
     1
     1
     1
     1
     1
     1
     1
     1
     1
     1
     1
     1
     1
     1
     1
     1
     1
     1
     1
     1
     0
     0
     1
     1
     1
     1
     1
     1
     1
     1
     1
     1
     1
     1
     1
     1
     1
     1
     0
     1
     1
     1
     1
     1
     1
     0
     0
     1
     1
     1
     1
     1
     1
     1
     1
     0
     0
     1
     1
     0
     1
     1
     1
     1
     1
     1
     1
     1
     1
     1
     1
     1
     1
     1
     1
     1
     1
     1
     1
     0
     0
     1
     1
     1
     1
     1
     1
     1
     1
     1
     1
     1
     1
     1
     1
     1
     0
     1
     1
     1
     1
     1
     1
     1
     1
     1
     1
     1
     1
     1
     1
     1
     1
     1
     1
     1
     1
     1
     1
     1
     1
     1
     1
     1
     1
     0
     1
     1
     1
     1
     1
     1
     1
     0
     1
     1
     1
     1
     1
     1
     1
     1
     1
     1
     1
     1
     1
     1
     1
     1
     1
     1
     0
     0
     1
     1
     1
     1
     1
     1
     1
     1
     1
     1
     1
     1
     1
     1
     1
     1
     1
     1
     1
     1
     1
     1
     1
     1
     0
     1
     1
     1
     1
     1
     1
     1
     1
     1
     1
     0
     1
     1
     1
     1
     1
     1
     1
     1
     1
     1
     1
     1
     1
     1
     1
     1
     1
     1
     1
     1
     1
     1
     1
     1
     1
     1
     1
     1
     1
     1
     1
     1
     1
     1
     1
     1
     1
     1
     1
     1
     1
     1
     1
     0
     1
     1
     1
     1
     1
     1
     0
     1
     1
     1
     1
     1
     1
     1
     1
     1
     1
     1
     1
     1
     1
     1
     1
     1
     1
     1
     1
     1
     0
     0
     1
     0


fval =

   2.7208e+04


exitflag =

     1


output = 

          cplexstatus: 101
    cplexstatusstring: 'integer optimal solution'
           iterations: 1001550
            algorithm: 12
                 time: 339.7254
              message: 'Function converged to a solution x.'


elapsedTime =

  339.8724

>> 