
                            < M A T L A B (R) >
                  Copyright 1984-2013 The MathWorks, Inc.
                    R2013b (8.2.0.701) 64-bit (glnxa64)
                              August 13, 2013

    ----------------------------------------------------
	Your MATLAB license will expire in 50 days.
	Please contact your system administrator or
	MathWorks to renew this license.
    ----------------------------------------------------
 
To get started, type one of these: helpwin, helpdesk, or demo.
For product information, visit www.mathworks.com.
 
>> 
                            < M A T L A B (R) >
                  Copyright 1984-2013 The MathWorks, Inc.
                    R2013b (8.2.0.701) 64-bit (glnxa64)
                              August 13, 2013

    ----------------------------------------------------
	Your MATLAB license will expire in 50 days.
	Please contact your system administrator or
	MathWorks to renew this license.
    ----------------------------------------------------
 
To get started, type one of these: helpwin, helpdesk, or demo.
For product information, visit www.mathworks.com.
 

ImageFile =

Data/S006I00E.PGM.atts


sparsityVal =

    96


elapsedTime =

   17.6059


x =

     1
     1
     1
     1
     1
     1
     1
     1
     1
     1
     1
     1
     1
     1
     1
     1
     1
     1
     1
     1
     1
     1
     1
     1
     1
     1
     1
     1
     1
     1
     1
     1
     1
     1
     1
     1
     1
     1
     1
     1
     1
     1
     1
     1
     1
     1
     1
     1
     1
     1
     1
     1
     1
     1
     1
     1
     1
     1
     1
     1
     1
     1
     1
     1
     1
     1
     1
     1
     1
     1
     1
     1
     1
     1
     1
     1
     1
     1
     1
     1
     1
     1
     1
     1
     1
     1
     1
     1
     1
     1
     1
     1
     1
     1
     1
     1
     1
     1
     1
     0
     1
     1
     1
     1
     1
     1
     1
     1
     1
     1
     1
     1
     1
     1
     1
     1
     1
     1
     0
     1
     1
     1
     1
     0
     1
     1
     1
     0
     0
     0
     1
     1
     1
     1
     0
     1
     1
     1
     1
     1
     1
     0
     0
     0
     1
     1
     1
     1
     1
     1
     0
     0
     1
     1
     1
     0
     0
     1
     1
     1
     1
     1
     1
     1
     1
     1
     0
     1
     0
     0
     0
     0
     0
     0
     0
     0
     1
     1
     1
     1
     0
     0
     0
     1
     0
     1
     1
     1
     1
     0
     1
     0
     0
     1
     0
     0
     1
     0
     0
     1
     0
     0
     1
     0
     1
     0
     0
     1
     0
     0
     1
     1
     0
     1
     1
     1
     1
     0
     0
     1
     0
     0
     0
     0
     0
     0
     0
     0
     1
     0
     0
     1
     1
     0
     0
     0
     0
     0
     0
     1
     1
     1
     0
     0
     0
     1
     1
     0
     0
     0
     1
     0
     1
     0
     0
     0
     0
     0
     1
     0
     1
     0
     1
     1
     0
     0
     0
     0
     1
     0
     0
     1
     0
     1
     0
     1
     0
     0
     0
     1
     0
     0
     1
     0
     0
     0
     0
     1
     1
     0
     0
     0
     0
     0
     0
     0
     0
     0
     0
     0
     0
     1
     0
     0
     1
     0
     1
     0
     1
     1
     0
     0
     0
     0
     0
     0
     1
     0
     0
     0
     0
     0
     0
     0
     0
     0
     0
     0
     0
     0
     0
     1
     0
     0
     0
     0
     0
     0
     1
     1
     0
     0
     0
     0
     0
     1
     0
     0
     0
     0
     0
     1
     1
     0
     0
     0
     0
     0
     0
     0
     1
     0
     0
     1
     0
     0
     0
     0
     0
     0
     0
     0
     0
     0
     0
     0
     0
     1
     0
     1
     0
     0
     0
     0
     0
     0
     1
     0
     0
     0
     0
     0
     0
     0
     0
     0
     0
     0
     0
     0
     0
     0
     0
     1
     0
     0
     0
     0
     0
     1
     0
     0
     0
     0
     0
     0
     0
     0
     0
     0
     0
     1
     0
     1
     0
     0
     0
     0
     0
     0
     0
     0
     0
     0
     0
     0
     0
     0
     1
     0
     0
     1
     1
     0


fval =

   4.1468e+03


exitflag =

     1


output = 

          cplexstatus: 101
    cplexstatusstring: 'integer optimal solution'
           iterations: 6115
            algorithm: 12
                 time: 17.5023
              message: 'Function converged to a solution x.'


elapsedTime =

   17.6059


ImageFile =

Data/S006I015.PGM.atts


sparsityVal =

    96


elapsedTime =

    0.0165


x =

     []


fval =

     []


exitflag =

    -2


output = 

          cplexstatus: 103
    cplexstatusstring: 'integer infeasible'
           iterations: 0
            algorithm: 12
                 time: 7.1001e-04
              message: 'No feasible point was found.'


elapsedTime =

    0.0165


elapsedTime =

    0.0127


x =

     []


fval =

     []


exitflag =

    -2


output = 

          cplexstatus: 103
    cplexstatusstring: 'integer infeasible'
           iterations: 0
            algorithm: 12
                 time: 6.4588e-04
              message: 'No feasible point was found.'


elapsedTime =

    0.0127

>> 