
                            < M A T L A B (R) >
                  Copyright 1984-2013 The MathWorks, Inc.
                    R2013b (8.2.0.701) 64-bit (glnxa64)
                              August 13, 2013

    ----------------------------------------------------
	Your MATLAB license will expire in 51 days.
	Please contact your system administrator or
	MathWorks to renew this license.
    ----------------------------------------------------
 
To get started, type one of these: helpwin, helpdesk, or demo.
For product information, visit www.mathworks.com.
 
>> 
                            < M A T L A B (R) >
                  Copyright 1984-2013 The MathWorks, Inc.
                    R2013b (8.2.0.701) 64-bit (glnxa64)
                              August 13, 2013

    ----------------------------------------------------
	Your MATLAB license will expire in 51 days.
	Please contact your system administrator or
	MathWorks to renew this license.
    ----------------------------------------------------
 
To get started, type one of these: helpwin, helpdesk, or demo.
For product information, visit www.mathworks.com.
 

ImageFile =

Data/nicobarpigeon.pgm.atts


sparsityVal =

    98


elapsedTime =

    0.1881


x =

     []


fval =

     []


exitflag =

    -2


output = 

          cplexstatus: 103
    cplexstatusstring: 'integer infeasible'
           iterations: 0
            algorithm: 12
                 time: 0.0166
              message: 'No feasible point was found.'


elapsedTime =

    0.1881


elapsedTime =

    0.0557


x =

     []


fval =

     []


exitflag =

    -2


output = 

          cplexstatus: 103
    cplexstatusstring: 'integer infeasible'
           iterations: 0
            algorithm: 12
                 time: 0.0010
              message: 'No feasible point was found.'


elapsedTime =

    0.0557


ImageFile =

Data/pheasant.pgm.atts


sparsityVal =

    98


elapsedTime =

    0.0442


x =

     []


fval =

     []


exitflag =

    -2


output = 

          cplexstatus: 103
    cplexstatusstring: 'integer infeasible'
           iterations: 0
            algorithm: 12
                 time: 8.6713e-04
              message: 'No feasible point was found.'


elapsedTime =

    0.0442


elapsedTime =

   52.9654


x =

     0
     0
     0
     0
     0
     0
     0
     0
     0
     0
     0
     0
     0
     0
     0
     0
     0
     0
     0
     0
     0
     0
     0
     0
     0
     0
     0
     0
     0
     0
     0
     0
     0
     0
     0
     0
     0
     0
     0
     0
     0
     0
     0
     0
     0
     0
     0
     0
     0
     0
     0
     0
     0
     0
     0
     0
     0
     0
     0
     0
     0
     0
     0
     0
     0
     0
     0
     0
     0
     0
     0
     0
     0
     0
     0
     0
     0
     0
     0
     0
     0
     0
     0
     0
     0
     0
     0
     0
     0
     0
     0
     0
     0
     0
     0
     0
     0
     0
     0
     0
     0
     0
     0
     0
     0
     0
     0
     0
     0
     0
     0
     0
     0
     0
     0
     0
     0
     0
     0
     0
     0
     0
     0
     0
     0
     0
     0
     0
     0
     0
     0
     0
     0
     0
     0
     0
     0
     0
     0
     0
     0
     0
     0
     0
     0
     0
     0
     0
     0
     0
     0
     0
     0
     0
     0
     0
     0
     0
     0
     0
     0
     0
     0
     0
     0
     0
     0
     0
     0
     0
     0
     0
     0
     0
     0
     0
     0
     0
     0
     0
     0
     0
     0
     0
     0
     0
     0
     0
     0
     0
     0
     0
     0
     0
     0
     0
     0
     0
     0
     0
     0
     0
     0
     0
     0
     0
     0
     0
     0
     0
     0
     0
     0
     0
     0
     0
     0
     0
     0
     0
     1
     0
     0
     0
     0
     0
     0
     0
     0
     0
     1
     0
     0
     0
     0
     0
     0
     0
     0
     0
     0
     1
     0
     0
     0
     0
     0
     0
     0
     0
     0
     0
     0
     0
     0
     0
     0
     0
     0
     0
     0
     1
     1
     0
     0
     0
     0
     0
     0
     0
     0
     0
     0
     0
     0
     0
     0
     0
     0
     0
     0
     1
     1
     0
     0
     0
     0
     1
     0
     0
     1
     0
     0
     0
     0
     0
     0
     0
     0
     0
     0
     0
     0
     0
     0
     0
     0
     0
     1
     0
     0
     0
     0
     0
     0
     0
     1
     0
     0
     0
     1
     0
     1
     0
     1
     0
     0
     1
     0
     1
     1
     1
     0
     0
     0
     0
     0
     0
     0
     0
     0
     0
     0
     0
     1
     1
     0
     1
     1
     0
     0
     0
     0
     1
     0
     0
     1
     1
     1
     0
     0
     0
     0
     0
     1
     0
     0
     0
     0
     1
     1
     0
     1
     0
     1
     1
     0
     1
     0
     1
     0
     0
     0
     0
     1
     1
     1
     0
     1
     1
     1
     1
     1
     0
     0
     0
     1
     1
     1
     0
     0
     0
     1
     1
     0
     0
     1
     0
     0
     1
     0
     0
     1
     0
     0
     0
     0
     0
     0
     1
     0
     1
     1
     1
     1
     1
     0
     0
     1
     1
     1
     1
     1
     0
     1
     1
     0
     1
     0
     1
     1
     0
     0
     0
     0
     1
     1
     1
     0
     0
     1
     1
     1
     1
     1
     1
     0
     1
     1
     1
     1
     1
     1
     0
     0
     1
     0
     0
     1
     1
     1
     0
     1
     1
     0
     1
     1
     0
     0
     1
     0
     1
     1
     1
     1
     0
     1
     1
     0
     1
     1
     1
     1
     0
     1
     1
     1
     1
     1
     1
     1
     1
     1
     1
     0
     0
     1
     0
     1
     1
     1
     0
     0
     1
     1
     0
     0
     1
     1
     1
     1
     1
     1
     1
     0
     1
     1
     0
     1
     1
     1
     1
     1
     1
     1
     1
     1
     1
     1
     1
     1
     1
     0
     1
     1
     1
     1
     0
     1
     1
     1
     1
     1
     1
     0
     0
     1
     1
     1
     1
     1
     1
     1
     1
     1
     1
     1
     1
     1
     1
     1
     1
     1
     0
     1
     1
     0
     1
     1
     1
     1
     1
     1
     1
     1
     1
     1
     1
     1
     1
     1
     0
     1
     1
     1
     0
     1
     1
     1
     1
     1
     1
     1
     1
     1
     0
     1
     1
     1
     1
     1
     1
     1
     1
     1
     1
     0
     1
     1
     0
     1


fval =

   1.4347e+03


exitflag =

     1


output = 

          cplexstatus: 101
    cplexstatusstring: 'integer optimal solution'
           iterations: 6507
            algorithm: 12
                 time: 52.9146
              message: 'Function converged to a solution x.'


elapsedTime =

   52.9654

>> 