
                            < M A T L A B (R) >
                  Copyright 1984-2013 The MathWorks, Inc.
                    R2013b (8.2.0.701) 64-bit (glnxa64)
                              August 13, 2013

    ----------------------------------------------------
	Your MATLAB license will expire in 50 days.
	Please contact your system administrator or
	MathWorks to renew this license.
    ----------------------------------------------------
 
To get started, type one of these: helpwin, helpdesk, or demo.
For product information, visit www.mathworks.com.
 
>> 
                            < M A T L A B (R) >
                  Copyright 1984-2013 The MathWorks, Inc.
                    R2013b (8.2.0.701) 64-bit (glnxa64)
                              August 13, 2013

    ----------------------------------------------------
	Your MATLAB license will expire in 50 days.
	Please contact your system administrator or
	MathWorks to renew this license.
    ----------------------------------------------------
 
To get started, type one of these: helpwin, helpdesk, or demo.
For product information, visit www.mathworks.com.
 

ImageFile =

Data/coffee.pgm.atts


sparsityVal =

    96


elapsedTime =

   18.3087


x =

     1
     1
     1
     1
     1
     1
     1
     1
     1
     1
     1
     1
     1
     1
     1
     1
     1
     1
     1
     1
     1
     1
     1
     1
     1
     1
     1
     1
     1
     1
     1
     1
     1
     1
     1
     1
     1
     1
     1
     1
     1
     1
     1
     1
     1
     1
     1
     1
     1
     1
     1
     1
     1
     1
     1
     1
     1
     1
     1
     1
     1
     1
     1
     1
     1
     1
     1
     1
     1
     1
     1
     1
     1
     1
     1
     1
     1
     1
     1
     1
     1
     1
     1
     1
     1
     1
     1
     1
     1
     1
     1
     1
     1
     1
     1
     1
     1
     1
     1
     1
     1
     1
     1
     1
     1
     1
     1
     1
     1
     1
     1
     1
     1
     1
     1
     1
     1
     1
     1
     1
     1
     1
     1
     1
     1
     1
     1
     1
     1
     1
     1
     1
     1
     1
     1
     1
     1
     1
     1
     1
     1
     1
     1
     1
     1
     0
     1
     1
     1
     1
     1
     1
     1
     0
     1
     1
     0
     1
     0
     1
     1
     1
     1
     1
     1
     1
     1
     0
     1
     1
     0
     1
     1
     0
     0
     1
     1
     0
     0
     1
     1
     1
     1
     1
     0
     1
     0
     1
     1
     1
     0
     0
     1
     0
     0
     0
     1
     1
     1
     0
     0
     1
     0
     1
     1
     0
     1
     1
     1
     0
     1
     0
     0
     0
     0
     1
     1
     1
     1
     0
     0
     0
     0
     0
     0
     1
     0
     0
     0
     0
     1
     1
     0
     0
     0
     1
     1
     1
     0
     0
     0
     0
     0
     1
     0
     0
     1
     1
     1
     1
     0
     0
     1
     0
     1
     0
     1
     0
     0
     1
     0
     0
     0
     0
     1
     0
     0
     1
     1
     0
     0
     0
     0
     0
     0
     0
     1
     0
     0
     0
     1
     1
     1
     0
     1
     1
     0
     0
     1
     0
     0
     0
     0
     0
     0
     1
     0
     0
     1
     0
     0
     0
     0
     0
     0
     0
     0
     0
     0
     1
     0
     0
     1
     0
     0
     0
     0
     0
     0
     0
     0
     0
     0
     0
     1
     0
     1
     0
     1
     0
     1
     1
     1
     0
     0
     0
     0
     0
     0
     0
     0
     0
     0
     0
     0
     0
     0
     0
     0
     0
     0
     0
     0
     0
     1
     0
     0
     0
     0
     0
     0
     0
     0
     0
     0
     0
     1
     1
     0
     1
     0
     0
     0
     0
     0
     0
     0
     0
     1
     1
     1
     1
     0
     0
     0
     0
     0
     0
     0
     0
     0
     0
     0
     0
     0
     0
     0
     0
     0
     0
     0
     0
     0
     0
     0
     0
     0
     1
     0
     0
     0
     0
     0
     0
     1
     0
     0
     0
     0
     0
     0
     1
     0
     0
     1
     0
     0
     0
     1
     0
     0
     0
     1
     0
     0
     0
     1
     0
     0
     0
     0
     0
     0
     0
     1
     0
     0
     0
     0
     0
     0
     0
     0
     0
     0
     0
     0
     0
     0
     0
     1
     0
     0
     0
     0
     0
     0
     0
     0
     0
     0
     0
     0
     0
     0
     0
     0
     0
     0
     0
     0
     0
     0
     0
     1
     0
     0
     0
     0
     0
     0
     0
     0
     1


fval =

   3.0460e+03


exitflag =

     1


output = 

          cplexstatus: 101
    cplexstatusstring: 'integer optimal solution'
           iterations: 6800
            algorithm: 12
                 time: 18.1784
              message: 'Function converged to a solution x.'


elapsedTime =

   18.3087


ImageFile =

Data/collarlemur.pgm.atts


sparsityVal =

    96


elapsedTime =

    0.0057


x =

     []


fval =

     []


exitflag =

    -2


output = 

          cplexstatus: 103
    cplexstatusstring: 'integer infeasible'
           iterations: 0
            algorithm: 12
                 time: 6.1202e-04
              message: 'No feasible point was found.'


elapsedTime =

    0.0057


elapsedTime =

    1.2228


x =

         0
         0
         0
         0
    1.0000
    1.0000
    1.0000
         0
         0
         0
         0
    1.0000
         0
    1.0000
         0
    1.0000
    1.0000
    1.0000
    1.0000
         0
         0
         0
    1.0000
         0
         0
         0
         0
    1.0000
    1.0000
         0
    1.0000
         0
         0
    1.0000
         0
         0
         0
         0
         0
         0
    1.0000
    1.0000
         0
    1.0000
    1.0000
         0
         0
    1.0000
         0
         0
         0
    1.0000
    1.0000
    1.0000
         0
         0
         0
         0
         0
         0
    1.0000
         0
         0
    1.0000
         0
         0
    1.0000
         0
         0
         0
         0
         0
         0
         0
         0


fval =

   33.9140


exitflag =

     1


output = 

          cplexstatus: 101
    cplexstatusstring: 'integer optimal solution'
           iterations: 220
            algorithm: 12
                 time: 1.2209
              message: 'Function converged to a solution x.'


elapsedTime =

    1.2228

>> 