
                            < M A T L A B (R) >
                  Copyright 1984-2013 The MathWorks, Inc.
                    R2013b (8.2.0.701) 64-bit (glnxa64)
                              August 13, 2013

    ----------------------------------------------------
	Your MATLAB license will expire in 51 days.
	Please contact your system administrator or
	MathWorks to renew this license.
    ----------------------------------------------------
 
To get started, type one of these: helpwin, helpdesk, or demo.
For product information, visit www.mathworks.com.
 
>> 
                            < M A T L A B (R) >
                  Copyright 1984-2013 The MathWorks, Inc.
                    R2013b (8.2.0.701) 64-bit (glnxa64)
                              August 13, 2013

    ----------------------------------------------------
	Your MATLAB license will expire in 51 days.
	Please contact your system administrator or
	MathWorks to renew this license.
    ----------------------------------------------------
Encountered unexpected end-of-file (line 45302) while loading toolbox cache.
Error occurred loading: /home/r/ravi1/.matlab/R2013b/toolbox_cache-8.2.0-234978524-glnxa64.xml
Cache file ignored.
 
To get started, type one of these: helpwin, helpdesk, or demo.
For product information, visit www.mathworks.com.
 

ImageFile =

Data/S003I007.pgm.atts


sparsityVal =

    98


elapsedTime =

    0.1125


x =

     []


fval =

     []


exitflag =

    -2


output = 

          cplexstatus: 103
    cplexstatusstring: 'integer infeasible'
           iterations: 0
            algorithm: 12
                 time: 0.0016
              message: 'No feasible point was found.'


elapsedTime =

    0.1125


elapsedTime =

    0.0209


x =

     []


fval =

     []


exitflag =

    -2


output = 

          cplexstatus: 103
    cplexstatusstring: 'integer infeasible'
           iterations: 0
            algorithm: 12
                 time: 8.5497e-04
              message: 'No feasible point was found.'


elapsedTime =

    0.0209


ImageFile =

Data/S004I001.PGM.atts


sparsityVal =

    98


elapsedTime =

   14.1680


x =

     1
     1
     1
     1
     1
     1
     1
     1
     1
     1
     1
     1
     1
     1
     1
     1
     1
     1
     1
     1
     1
     1
     1
     1
     1
     1
     1
     1
     1
     1
     1
     1
     1
     1
     1
     1
     1
     1
     1
     1
     1
     1
     1
     1
     1
     1
     1
     1
     1
     1
     1
     1
     1
     1
     1
     1
     1
     1
     1
     1
     1
     1
     1
     1
     1
     1
     1
     1
     1
     1
     1
     1
     1
     1
     1
     1
     1
     1
     1
     1
     1
     1
     1
     1
     1
     1
     1
     1
     1
     0
     1
     1
     1
     1
     1
     1
     1
     1
     1
     1
     0
     1
     0
     1
     1
     1
     1
     1
     1
     1
     0
     1
     0
     0
     1
     1
     1
     1
     1
     1
     1
     1
     0
     1
     0
     1
     1
     1
     1
     1
     1
     1
     0
     1
     1
     1
     0
     1
     0
     1
     1
     1
     1
     1
     1
     0
     1
     0
     0
     1
     0
     1
     0
     1
     0
     0
     1
     1
     1
     0
     0
     1
     1
     1
     1
     1
     1
     1
     1
     1
     0
     1
     0
     1
     1
     0
     1
     0
     0
     1
     0
     1
     1
     0
     0
     1
     1
     0
     0
     1
     0
     1
     1
     1
     1
     0
     0
     0
     0
     0
     0
     0
     1
     0
     0
     0
     0
     1
     0
     0
     1
     0
     0
     0
     1
     0
     0
     0
     0
     0
     1
     0
     0
     0
     1
     0
     1
     0
     0
     0
     0
     0
     0
     0
     1
     1
     0
     0
     1
     0
     1
     0
     0
     0
     1
     0
     0
     1
     0
     0
     0
     1
     0
     0
     1
     0
     0
     0
     0
     0
     1
     0
     1
     0
     0
     1
     0
     1
     1
     0
     0
     0
     1
     0
     1
     1
     0
     0
     0
     0
     0
     0
     0
     0
     0
     0
     0
     0
     0
     0
     0
     0
     0
     0
     1
     1
     0
     0
     0
     1
     1
     1
     0
     0
     0
     0
     0
     1
     0
     0
     0
     0
     0
     0
     0
     0
     1
     1
     1
     1
     0
     0
     1
     0
     0
     0
     1
     0
     0
     0
     0
     0
     1
     0
     0
     1
     0
     0
     0
     0
     0
     0
     0
     0
     0
     0
     0
     0
     0
     0
     0
     0
     0
     0
     0
     0
     1
     0
     0
     0
     0
     0
     0
     0
     1
     0
     0
     0
     0
     0
     0
     0
     0
     0
     0
     0
     0
     0
     1
     0
     0
     0
     0
     0
     0
     0
     0
     0
     0
     0
     0
     0
     0
     0
     0
     0
     0
     0
     0
     0
     0
     0
     0
     0
     0
     0
     0
     0


fval =

  996.2990


exitflag =

     5


output = 

          cplexstatus: 102
    cplexstatusstring: 'integer optimal, tolerance'
           iterations: 2420
            algorithm: 12
                 time: 14.1348
              message: 'Solution with numerical issues'


elapsedTime =

   14.1680

>> 