
                            < M A T L A B (R) >
                  Copyright 1984-2013 The MathWorks, Inc.
                    R2013b (8.2.0.701) 64-bit (glnxa64)
                              August 13, 2013

    ----------------------------------------------------
	Your MATLAB license will expire in 51 days.
	Please contact your system administrator or
	MathWorks to renew this license.
    ----------------------------------------------------
 
To get started, type one of these: helpwin, helpdesk, or demo.
For product information, visit www.mathworks.com.
 
>> 
                            < M A T L A B (R) >
                  Copyright 1984-2013 The MathWorks, Inc.
                    R2013b (8.2.0.701) 64-bit (glnxa64)
                              August 13, 2013

    ----------------------------------------------------
	Your MATLAB license will expire in 51 days.
	Please contact your system administrator or
	MathWorks to renew this license.
    ----------------------------------------------------
 
To get started, type one of these: helpwin, helpdesk, or demo.
For product information, visit www.mathworks.com.
 

ImageFile =

Data/126.pgm.atts


sparsityVal =

    96


elapsedTime =

    2.1412


x =

     1
     1
     1
     1
     1
     1
     1
     1
     1
     1
     1
     1
     1
     1
     1
     1
     1
     1
     1
     1
     1
     1
     1
     1
     1
     1
     1
     1
     1
     1
     1
     1
     1
     1
     1
     1
     1
     1
     1
     1
     1
     1
     1
     1
     1
     1
     1
     1
     1
     1
     0
     0
     1
     1
     1
     1
     1
     1
     1
     1
     1
     1
     0
     1
     1
     1
     1
     1
     1
     1
     1
     1
     1
     0
     0
     0
     1
     1
     1
     1
     1
     1
     1
     1
     1
     1
     1
     1
     1
     1
     1
     1
     1
     1
     0
     0
     1
     1
     1
     1
     1
     1
     1
     0
     0
     1
     1
     1
     1
     0
     0
     1
     0
     1
     1
     0
     0
     1
     1
     1
     1
     1
     1
     0
     0
     0
     1
     1
     1
     0
     0
     1
     0
     1
     0
     1
     1
     1
     0
     1
     0
     0
     0
     1
     0
     0
     1
     0
     1
     0
     1
     1
     0
     1
     0
     0
     1
     1
     0
     1
     0
     0
     1
     0
     0
     1
     0
     0
     0
     0
     0
     1
     0
     0
     0
     0
     0
     1
     1
     0
     0
     0
     0
     0
     0
     0
     0
     0
     0
     0
     0
     0
     0
     0
     0
     1
     0
     0
     1
     0
     1
     1
     1
     0
     0
     0
     0
     0
     1
     0
     0
     0
     0
     0
     0
     0
     0
     0
     0
     0
     1
     0
     0
     0
     1
     1
     1
     0
     0
     0
     0
     1
     0
     1
     0
     0
     0
     1
     0
     0
     0
     0
     0
     0
     0
     1
     0
     1
     0
     0
     0
     0
     0
     0
     0
     0
     0
     0
     1
     1
     1
     0
     0
     1
     1
     1
     0
     0
     0
     0
     0
     0
     0
     0
     0
     0
     0
     0
     0
     0
     0
     0
     1
     1
     0
     1
     0
     0
     0
     1
     1
     0
     1
     0
     1
     1
     0
     0
     0
     0
     0
     0
     0
     0
     0
     0
     0
     0
     0
     0
     0
     0
     0
     0
     0
     0
     0
     0
     0
     0


fval =

   1.0144e+03


exitflag =

     1


output = 

          cplexstatus: 101
    cplexstatusstring: 'integer optimal solution'
           iterations: 2817
            algorithm: 12
                 time: 2.0352
              message: 'Function converged to a solution x.'


elapsedTime =

    2.1412


ImageFile =

Data/131.pgm.atts


sparsityVal =

    96


elapsedTime =

   51.8990


x =

     0
     0
     0
     0
     0
     0
     0
     0
     0
     0
     0
     0
     0
     0
     0
     0
     0
     0
     0
     0
     0
     0
     0
     0
     0
     0
     0
     0
     0
     0
     0
     0
     0
     0
     0
     0
     0
     0
     0
     0
     0
     0
     0
     0
     0
     0
     0
     0
     0
     0
     0
     0
     0
     0
     0
     0
     0
     0
     0
     0
     0
     0
     0
     0
     0
     0
     0
     0
     0
     0
     0
     0
     0
     0
     0
     0
     0
     0
     0
     0
     0
     0
     0
     0
     0
     0
     0
     0
     1
     0
     0
     0
     0
     0
     0
     0
     0
     0
     0
     0
     0
     0
     0
     0
     0
     0
     0
     0
     0
     0
     0
     0
     0
     0
     0
     0
     0
     0
     0
     0
     0
     0
     0
     0
     0
     0
     0
     0
     0
     0
     0
     0
     0
     0
     0
     0
     0
     0
     0
     0
     0
     0
     0
     0
     0
     0
     0
     1
     0
     0
     0
     0
     0
     0
     0
     0
     0
     1
     0
     0
     0
     0
     0
     0
     0
     0
     0
     0
     0
     0
     0
     0
     0
     0
     0
     1
     1
     1
     0
     0
     0
     0
     0
     0
     0
     0
     0
     1
     1
     0
     0
     0
     0
     0
     1
     1
     1
     0
     0
     0
     0
     1
     1
     0
     0
     1
     1
     0
     1
     1
     0
     1
     0
     0
     0
     1
     1
     1
     0
     0
     0
     1
     1
     1
     0
     0
     0
     0
     1
     0
     1
     1
     1
     1
     0
     1
     1
     0
     0
     0
     0
     0
     0
     1
     1
     1
     1
     0
     0
     0
     0
     1
     0
     0
     1
     0
     0
     0
     1
     0
     0
     1
     0
     1
     1
     0
     1
     1
     1
     1
     1
     1
     1
     1
     0
     1
     0
     0
     0
     1
     1
     0
     0
     0
     1
     1
     1
     1
     1
     1
     1
     0
     1
     1
     1
     1
     0
     0
     1
     1
     0
     0
     1
     1
     0
     0
     1
     0
     0
     1
     0
     1
     1
     0
     1
     1
     1
     1
     0
     1
     1
     1
     0
     0
     0
     0
     0
     1
     0
     0
     0
     0
     0
     1
     1
     1
     0
     1
     1
     1
     1
     1
     1
     0
     0
     1
     1
     0
     1
     1
     1
     0
     1
     0
     0
     1
     1
     1
     1
     1
     0
     1
     0
     1
     0
     1
     1
     1
     1
     1
     1
     1
     0
     1
     1
     0
     1
     0
     1
     0
     1
     1
     1
     1
     1
     1
     1
     1
     1
     1
     1
     1
     1
     1
     1
     1
     1
     1
     1
     1
     1
     1
     1
     1
     1
     0
     1
     0
     1
     1
     1
     0
     1
     1
     1
     1
     1
     0
     0
     1
     1
     1
     0
     1
     1
     1
     1
     1
     1
     1
     1
     1
     1
     0
     1
     1
     1
     1
     1
     1
     0
     1
     1
     1
     1
     1
     0
     1
     1
     1
     1
     1
     1
     1
     1
     1
     1
     1
     0
     1
     1
     1
     1
     1
     1
     1
     1
     1
     1
     1
     1
     1
     1
     0
     1
     1
     1
     1
     1
     1
     1
     1
     1
     1
     1
     1
     1
     1
     1
     1
     0
     0
     1
     1
     1
     1
     1
     1
     1
     1
     1
     1
     1
     1
     1
     1
     1
     0
     1
     1
     1
     1
     0
     1
     1
     0
     1
     1
     1
     1
     1
     1
     1
     1
     1
     0
     1
     0
     0
     1
     0
     1
     1
     1
     1
     1
     1
     1
     1
     1
     1
     1
     1
     0
     1
     1
     1
     1
     1
     0
     1
     1
     1
     1
     1
     0
     1
     0
     1
     0
     1
     1
     1
     1
     0
     1
     1
     1
     1
     1
     0
     1
     1
     1
     1
     1
     0
     1
     1
     0
     1
     1
     1
     1
     1
     1
     1
     1
     1
     1
     1
     1
     1
     1


fval =

   8.1936e+03


exitflag =

     1


output = 

          cplexstatus: 101
    cplexstatusstring: 'integer optimal solution'
           iterations: 74025
            algorithm: 12
                 time: 51.8459
              message: 'Function converged to a solution x.'


elapsedTime =

   51.8990

>> 