
                            < M A T L A B (R) >
                  Copyright 1984-2013 The MathWorks, Inc.
                    R2013b (8.2.0.701) 64-bit (glnxa64)
                              August 13, 2013

    ----------------------------------------------------
	Your MATLAB license will expire in 51 days.
	Please contact your system administrator or
	MathWorks to renew this license.
    ----------------------------------------------------
 
To get started, type one of these: helpwin, helpdesk, or demo.
For product information, visit www.mathworks.com.
 
>> 
                            < M A T L A B (R) >
                  Copyright 1984-2013 The MathWorks, Inc.
                    R2013b (8.2.0.701) 64-bit (glnxa64)
                              August 13, 2013

    ----------------------------------------------------
	Your MATLAB license will expire in 51 days.
	Please contact your system administrator or
	MathWorks to renew this license.
    ----------------------------------------------------
 
To get started, type one of these: helpwin, helpdesk, or demo.
For product information, visit www.mathworks.com.
 

ImageFile =

Data/colobus.pgm.atts


sparsityVal =

    96


elapsedTime =

    1.8313


x =

     []


fval =

     []


exitflag =

    -2


output = 

          cplexstatus: 103
    cplexstatusstring: 'integer infeasible'
           iterations: 0
            algorithm: 12
                 time: 0.4406
              message: 'No feasible point was found.'


elapsedTime =

    1.8313


elapsedTime =

    0.5773


x =

     0
     0
     0
     0
     0
     0
     0
     1
     0
     0
     0
     0
     0
     0
     0
     0
     0
     0
     0
     0
     0
     0
     0
     0
     0
     0
     0
     0
     0
     1
     0
     0
     0
     0
     0
     0
     0
     0
     1
     1
     0
     1
     0
     0
     1
     0
     0
     1
     0
     0
     1
     0
     0
     0
     1
     1
     0
     1
     1
     0
     1
     0
     0
     0
     0
     1
     1
     0
     1
     0
     1
     1
     1
     1
     1
     1
     1
     0
     1
     0
     0
     1
     0
     1
     1
     1
     1


fval =

   67.2855


exitflag =

     1


output = 

          cplexstatus: 101
    cplexstatusstring: 'integer optimal solution'
           iterations: 319
            algorithm: 12
                 time: 0.5729
              message: 'Function converged to a solution x.'


elapsedTime =

    0.5773


ImageFile =

Data/dog1.pgm.atts


sparsityVal =

    96


elapsedTime =

    0.0309


x =

     []


fval =

     []


exitflag =

    -2


output = 

          cplexstatus: 103
    cplexstatusstring: 'integer infeasible'
           iterations: 0
            algorithm: 12
                 time: 0.0011
              message: 'No feasible point was found.'


elapsedTime =

    0.0309


elapsedTime =

    0.0272


x =

     []


fval =

     []


exitflag =

    -2


output = 

          cplexstatus: 103
    cplexstatusstring: 'integer infeasible'
           iterations: 0
            algorithm: 12
                 time: 0.0012
              message: 'No feasible point was found.'


elapsedTime =

    0.0272

>> 