
                            < M A T L A B (R) >
                  Copyright 1984-2013 The MathWorks, Inc.
                    R2013b (8.2.0.701) 64-bit (glnxa64)
                              August 13, 2013

    ----------------------------------------------------
	Your MATLAB license will expire in 51 days.
	Please contact your system administrator or
	MathWorks to renew this license.
    ----------------------------------------------------
 
To get started, type one of these: helpwin, helpdesk, or demo.
For product information, visit www.mathworks.com.
 
>> 
                            < M A T L A B (R) >
                  Copyright 1984-2013 The MathWorks, Inc.
                    R2013b (8.2.0.701) 64-bit (glnxa64)
                              August 13, 2013

    ----------------------------------------------------
	Your MATLAB license will expire in 51 days.
	Please contact your system administrator or
	MathWorks to renew this license.
    ----------------------------------------------------
 
To get started, type one of these: helpwin, helpdesk, or demo.
For product information, visit www.mathworks.com.
 

ImageFile =

Data/S005I007.pgm.atts


sparsityVal =

    98


elapsedTime =

    1.7605


x =

     1
     1
     1
     1
     1
     1
     1
     1
     1
     1
     1
     1
     1
     1
     1
     1
     1
     1
     1
     1
     1
     1
     1
     1
     1
     1
     1
     1
     1
     1
     1
     1
     1
     1
     1
     1
     1
     1
     1
     1
     1
     1
     1
     1
     1
     1
     1
     1
     1
     1
     1
     1
     1
     1
     1
     1
     1
     1
     1
     1
     1
     1
     1
     1
     1
     1
     1
     1
     1
     1
     1
     1
     1
     1
     1
     1
     1
     1
     1
     1
     1
     1
     1
     1
     1
     1
     1
     0
     1
     1
     1
     1
     1
     1
     1
     1
     1
     1
     1
     1
     1
     1
     1
     1
     1
     0
     1
     1
     1
     1
     0
     1
     1
     1
     1
     0
     0
     1
     1
     0
     1
     1
     1
     0
     1
     1
     1
     1
     1
     1
     1
     0
     1
     1
     0
     1
     1
     1
     1
     0
     1
     0
     1
     1
     1
     1
     0
     0
     1
     1
     0
     1
     1
     0
     1
     1
     1
     1
     1
     1
     0
     0
     1
     0
     0
     1
     0
     1
     1
     1
     1
     0
     1
     1
     1
     1
     0
     1
     0
     0
     0
     1
     1
     1
     1
     0
     1
     0
     0
     0
     0
     0
     1
     0
     0
     1
     1
     0
     0
     0
     0
     0
     1
     1
     1
     0
     1
     1
     1
     1
     0
     1
     0
     0
     0
     0
     0
     0
     1
     0
     1
     1
     0
     0
     0
     1
     0
     0
     0
     0
     0
     0
     0
     0
     0
     0
     0
     0
     0
     0
     0
     0
     1
     0
     0
     0
     0
     0
     0
     0
     1
     0
     1
     1
     0
     1
     0
     0
     0
     0
     0
     0
     0
     1
     1
     0
     1
     0
     0
     0
     0
     0
     0
     0
     1
     1
     0
     0
     0
     0
     1
     0
     1
     0
     0
     0
     0
     0
     1
     0
     1
     0
     0
     0
     0
     0
     0
     0
     0
     0
     0
     0
     0
     1
     0
     0
     0
     0
     0
     0
     0
     0
     0
     0
     0
     0
     0
     0
     0
     0
     0
     0
     0
     0
     0
     0
     0
     0
     0
     1
     0
     1
     0
     0
     0
     0
     0
     0
     1
     0
     0
     0
     0
     0
     0
     0
     0
     0
     0
     0
     0
     0
     0
     0
     0
     0
     0
     0
     0
     0
     0
     0
     0
     0
     0
     0
     0
     0
     0
     0
     0
     0
     0
     0
     0
     0
     0
     0
     0
     0
     0
     0
     0
     0
     0
     0
     0
     0


fval =

   1.2810e+03


exitflag =

     1


output = 

          cplexstatus: 101
    cplexstatusstring: 'integer optimal solution'
           iterations: 2225
            algorithm: 12
                 time: 1.6052
              message: 'Function converged to a solution x.'


elapsedTime =

    1.7605


ImageFile =

Data/S005I008.pgm.atts


sparsityVal =

    98


elapsedTime =

    2.7895


x =

     1
     1
     1
     1
     1
     1
     1
     1
     1
     1
     1
     1
     1
     1
     1
     1
     1
     1
     1
     1
     1
     1
     1
     1
     1
     1
     1
     1
     1
     1
     1
     1
     1
     1
     1
     1
     1
     1
     1
     1
     1
     1
     1
     1
     1
     1
     1
     1
     1
     1
     1
     1
     1
     1
     1
     1
     1
     1
     1
     1
     1
     1
     1
     1
     1
     1
     1
     1
     1
     1
     1
     1
     1
     1
     1
     1
     1
     1
     1
     1
     1
     1
     1
     1
     1
     1
     1
     1
     1
     1
     1
     1
     1
     1
     0
     1
     1
     1
     1
     1
     1
     1
     0
     1
     1
     1
     1
     1
     1
     1
     1
     1
     1
     0
     0
     1
     1
     1
     1
     1
     1
     0
     1
     1
     0
     1
     1
     1
     0
     0
     1
     0
     1
     1
     1
     0
     0
     1
     1
     1
     1
     1
     1
     1
     1
     0
     0
     0
     1
     0
     0
     0
     1
     1
     1
     1
     0
     1
     0
     0
     0
     0
     0
     1
     1
     0
     1
     0
     1
     1
     1
     1
     0
     0
     0
     0
     1
     1
     1
     0
     1
     1
     1
     0
     1
     1
     0
     0
     1
     0
     1
     0
     1
     0
     0
     0
     1
     1
     0
     1
     1
     1
     1
     0
     1
     1
     0
     0
     0
     0
     0
     0
     0
     0
     0
     0
     1
     0
     1
     0
     0
     0
     0
     0
     0
     0
     0
     0
     1
     0
     1
     0
     0
     1
     0
     0
     0
     1
     0
     0
     1
     0
     1
     1
     1
     0
     0
     0
     0
     0
     0
     0
     0
     0
     0
     0
     1
     0
     0
     0
     1
     0
     0
     0
     0
     0
     0
     0
     0
     0
     1
     0
     0
     0
     0
     0
     1
     0
     0
     0
     0
     0
     0
     0
     0
     0
     0
     0
     0
     0
     0
     0
     0
     0
     1
     0
     0
     0
     0
     0
     0
     0
     0
     0
     0
     1
     0
     0
     0
     0
     1
     0
     0
     0
     0
     0
     0
     0
     0
     1
     0
     0
     0
     0
     0
     0
     0
     1
     0
     0
     0
     0
     1
     0
     1
     0
     1
     0
     0
     0
     0
     0
     0
     0
     1
     0
     0
     0
     0
     0
     0
     0
     0
     0
     0
     0
     0
     0
     0
     0
     1
     0
     0
     0
     1
     0
     0
     0
     1
     0
     0
     0
     0
     0
     0
     0
     0
     0
     0
     0
     0
     0
     0
     0


fval =

  619.1720


exitflag =

     1


output = 

          cplexstatus: 101
    cplexstatusstring: 'integer optimal solution'
           iterations: 2050
            algorithm: 12
                 time: 2.7639
              message: 'Function converged to a solution x.'


elapsedTime =

    2.7895

>> 